2022-05-25 22:51:55,388 [Worker-4: Loading available Gradle versions] INFO  o.e.b.c.i.u.g.PublishedGradleVersions - Gradle version information cache is out-of-date. Trying to update.
2022-05-25 22:51:56,693 [Worker-4: Loading available Gradle versions] INFO  o.e.b.c.i.u.g.PublishedGradleVersions - Updating Gradle version information cache failed. Using outdated cache.
2022-05-25 22:53:01,564 [Worker-8: Importing Maven projects] INFO  o.e.m.c.i.l.LifecycleMappingFactory - Using org.eclipse.m2e.jdt.JarLifecycleMapping lifecycle mapping for MavenProject: com.ones.springcloud:couponservice:0.0.1-SNAPSHOT @ /media/onesmus/dev/dev/microservice/couponservice/pom.xml.
2022-05-25 22:53:12,127 [Worker-8: Importing Maven projects] INFO  o.e.m.j.i.AbstractJavaProjectConfigurator - Adding source folder /couponservice/src/main/java
2022-05-25 22:53:12,129 [Worker-8: Importing Maven projects] INFO  o.e.m.j.i.AbstractJavaProjectConfigurator - Adding resource folder /couponservice/src/main/resources
2022-05-25 22:53:12,137 [Worker-8: Importing Maven projects] INFO  o.e.m.j.i.AbstractJavaProjectConfigurator - Adding resource folder /couponservice/src/main/resources
2022-05-25 22:53:12,141 [Worker-8: Importing Maven projects] INFO  o.e.m.j.i.AbstractJavaProjectConfigurator - Adding source folder /couponservice/src/test/java
2022-05-25 22:53:13,628 [Worker-8: Importing Maven projects] INFO  o.e.m.c.i.p.ProjectConfigurationManager - Imported and configured 1 project(s) in 20 sec
2022-05-25 22:53:21,362 [Worker-6: Building] INFO  o.e.m.c.i.embedder.EclipseLogger - Using 'UTF-8' encoding to copy filtered resources.
2022-05-25 22:53:21,363 [Worker-6: Building] INFO  o.e.m.c.i.embedder.EclipseLogger - Using 'UTF-8' encoding to copy filtered properties files.
2022-05-25 22:53:21,387 [Worker-6: Building] INFO  o.e.m.c.i.embedder.EclipseLogger - Copying 1 resource
2022-05-25 22:53:21,473 [Worker-6: Building] INFO  o.e.m.c.i.embedder.EclipseLogger - Copying 0 resource
2022-05-25 22:53:21,491 [Worker-6: Building] INFO  o.e.m.c.i.embedder.EclipseLogger - Using 'UTF-8' encoding to copy filtered resources.
2022-05-25 22:53:21,493 [Worker-6: Building] INFO  o.e.m.c.i.embedder.EclipseLogger - Using 'UTF-8' encoding to copy filtered properties files.
2022-05-25 22:53:21,493 [Worker-6: Building] INFO  o.e.m.c.i.embedder.EclipseLogger - skip non existing resourceDirectory /media/onesmus/dev/dev/microservice/couponservice/src/test/resources
2022-05-25 23:06:53,214 [Worker-10: Launching couponservice - CouponserviceApplication] INFO  o.e.m.c.i.embedder.EclipseLogger - Using 'UTF-8' encoding to copy filtered resources.
2022-05-25 23:06:53,232 [Worker-10: Launching couponservice - CouponserviceApplication] INFO  o.e.m.c.i.embedder.EclipseLogger - Using 'UTF-8' encoding to copy filtered properties files.
2022-05-25 23:06:53,273 [Worker-10: Launching couponservice - CouponserviceApplication] INFO  o.e.m.c.i.embedder.EclipseLogger - Copying 1 resource
2022-05-25 23:06:53,277 [Worker-10: Launching couponservice - CouponserviceApplication] INFO  o.e.m.c.i.embedder.EclipseLogger - Copying 0 resource
2022-05-25 23:06:53,285 [Worker-10: Launching couponservice - CouponserviceApplication] INFO  o.e.m.c.i.embedder.EclipseLogger - Using 'UTF-8' encoding to copy filtered resources.
2022-05-25 23:06:53,285 [Worker-10: Launching couponservice - CouponserviceApplication] INFO  o.e.m.c.i.embedder.EclipseLogger - Using 'UTF-8' encoding to copy filtered properties files.
2022-05-25 23:06:53,285 [Worker-10: Launching couponservice - CouponserviceApplication] INFO  o.e.m.c.i.embedder.EclipseLogger - skip non existing resourceDirectory /media/onesmus/dev/dev/microservice/couponservice/src/test/resources
2022-05-25 23:13:29,592 [Worker-11: Launching couponservice - CouponserviceApplication] INFO  o.e.m.c.i.embedder.EclipseLogger - Using 'UTF-8' encoding to copy filtered resources.
2022-05-25 23:13:29,607 [Worker-11: Launching couponservice - CouponserviceApplication] INFO  o.e.m.c.i.embedder.EclipseLogger - Using 'UTF-8' encoding to copy filtered properties files.
2022-05-25 23:13:29,612 [Worker-11: Launching couponservice - CouponserviceApplication] INFO  o.e.m.c.i.embedder.EclipseLogger - Copying 1 resource
2022-05-25 23:13:29,710 [Worker-11: Launching couponservice - CouponserviceApplication] INFO  o.e.m.c.i.embedder.EclipseLogger - Copying 0 resource
2022-05-25 23:13:29,721 [Worker-11: Launching couponservice - CouponserviceApplication] INFO  o.e.m.c.i.embedder.EclipseLogger - Using 'UTF-8' encoding to copy filtered resources.
2022-05-25 23:13:29,721 [Worker-11: Launching couponservice - CouponserviceApplication] INFO  o.e.m.c.i.embedder.EclipseLogger - Using 'UTF-8' encoding to copy filtered properties files.
2022-05-25 23:13:29,722 [Worker-11: Launching couponservice - CouponserviceApplication] INFO  o.e.m.c.i.embedder.EclipseLogger - skip non existing resourceDirectory /media/onesmus/dev/dev/microservice/couponservice/src/test/resources
2022-05-25 23:16:04,397 [Worker-19: Launching couponservice - CouponserviceApplication] INFO  o.e.m.c.i.embedder.EclipseLogger - Using 'UTF-8' encoding to copy filtered resources.
2022-05-25 23:16:04,397 [Worker-19: Launching couponservice - CouponserviceApplication] INFO  o.e.m.c.i.embedder.EclipseLogger - Using 'UTF-8' encoding to copy filtered properties files.
2022-05-25 23:16:04,409 [Worker-19: Launching couponservice - CouponserviceApplication] INFO  o.e.m.c.i.embedder.EclipseLogger - Copying 1 resource
2022-05-25 23:16:04,597 [Worker-19: Launching couponservice - CouponserviceApplication] INFO  o.e.m.c.i.embedder.EclipseLogger - Copying 0 resource
2022-05-25 23:16:04,636 [Worker-19: Launching couponservice - CouponserviceApplication] INFO  o.e.m.c.i.embedder.EclipseLogger - Using 'UTF-8' encoding to copy filtered resources.
2022-05-25 23:16:04,636 [Worker-19: Launching couponservice - CouponserviceApplication] INFO  o.e.m.c.i.embedder.EclipseLogger - Using 'UTF-8' encoding to copy filtered properties files.
2022-05-25 23:16:04,636 [Worker-19: Launching couponservice - CouponserviceApplication] INFO  o.e.m.c.i.embedder.EclipseLogger - skip non existing resourceDirectory /media/onesmus/dev/dev/microservice/couponservice/src/test/resources
2022-05-25 23:23:29,818 [Worker-23: Launching couponservice - CouponserviceApplication] INFO  o.e.m.c.i.embedder.EclipseLogger - Using 'UTF-8' encoding to copy filtered resources.
2022-05-25 23:23:29,819 [Worker-23: Launching couponservice - CouponserviceApplication] INFO  o.e.m.c.i.embedder.EclipseLogger - Using 'UTF-8' encoding to copy filtered properties files.
2022-05-25 23:23:29,820 [Worker-23: Launching couponservice - CouponserviceApplication] INFO  o.e.m.c.i.embedder.EclipseLogger - Copying 1 resource
2022-05-25 23:23:29,874 [Worker-23: Launching couponservice - CouponserviceApplication] INFO  o.e.m.c.i.embedder.EclipseLogger - Copying 0 resource
2022-05-25 23:23:29,906 [Worker-23: Launching couponservice - CouponserviceApplication] INFO  o.e.m.c.i.embedder.EclipseLogger - Using 'UTF-8' encoding to copy filtered resources.
2022-05-25 23:23:29,906 [Worker-23: Launching couponservice - CouponserviceApplication] INFO  o.e.m.c.i.embedder.EclipseLogger - Using 'UTF-8' encoding to copy filtered properties files.
2022-05-25 23:23:29,906 [Worker-23: Launching couponservice - CouponserviceApplication] INFO  o.e.m.c.i.embedder.EclipseLogger - skip non existing resourceDirectory /media/onesmus/dev/dev/microservice/couponservice/src/test/resources
2022-05-26 07:55:12,828 [Worker-25: Launching couponservice - CouponserviceApplication] INFO  o.e.m.c.i.embedder.EclipseLogger - Using 'UTF-8' encoding to copy filtered resources.
2022-05-26 07:55:12,829 [Worker-25: Launching couponservice - CouponserviceApplication] INFO  o.e.m.c.i.embedder.EclipseLogger - Using 'UTF-8' encoding to copy filtered properties files.
2022-05-26 07:55:12,830 [Worker-25: Launching couponservice - CouponserviceApplication] INFO  o.e.m.c.i.embedder.EclipseLogger - Copying 1 resource
2022-05-26 07:55:12,834 [Worker-25: Launching couponservice - CouponserviceApplication] INFO  o.e.m.c.i.embedder.EclipseLogger - Copying 0 resource
2022-05-26 07:55:12,845 [Worker-25: Launching couponservice - CouponserviceApplication] INFO  o.e.m.c.i.embedder.EclipseLogger - Using 'UTF-8' encoding to copy filtered resources.
2022-05-26 07:55:12,846 [Worker-25: Launching couponservice - CouponserviceApplication] INFO  o.e.m.c.i.embedder.EclipseLogger - Using 'UTF-8' encoding to copy filtered properties files.
2022-05-26 07:55:12,846 [Worker-25: Launching couponservice - CouponserviceApplication] INFO  o.e.m.c.i.embedder.EclipseLogger - skip non existing resourceDirectory /media/onesmus/dev/dev/microservice/couponservice/src/test/resources
2022-05-26 07:56:30,976 [Worker-27: Launching couponservice - CouponserviceApplication] INFO  o.e.m.c.i.embedder.EclipseLogger - Using 'UTF-8' encoding to copy filtered resources.
2022-05-26 07:56:30,976 [Worker-27: Launching couponservice - CouponserviceApplication] INFO  o.e.m.c.i.embedder.EclipseLogger - Using 'UTF-8' encoding to copy filtered properties files.
2022-05-26 07:56:30,977 [Worker-27: Launching couponservice - CouponserviceApplication] INFO  o.e.m.c.i.embedder.EclipseLogger - Copying 1 resource
2022-05-26 07:56:31,010 [Worker-27: Launching couponservice - CouponserviceApplication] INFO  o.e.m.c.i.embedder.EclipseLogger - Copying 0 resource
2022-05-26 07:56:31,029 [Worker-27: Launching couponservice - CouponserviceApplication] INFO  o.e.m.c.i.embedder.EclipseLogger - Using 'UTF-8' encoding to copy filtered resources.
2022-05-26 07:56:31,030 [Worker-27: Launching couponservice - CouponserviceApplication] INFO  o.e.m.c.i.embedder.EclipseLogger - Using 'UTF-8' encoding to copy filtered properties files.
2022-05-26 07:56:31,030 [Worker-27: Launching couponservice - CouponserviceApplication] INFO  o.e.m.c.i.embedder.EclipseLogger - skip non existing resourceDirectory /media/onesmus/dev/dev/microservice/couponservice/src/test/resources
2022-05-26 13:49:10,552 [Worker-39: Building] INFO  o.e.m.c.i.embedder.EclipseLogger - Using 'UTF-8' encoding to copy filtered resources.
2022-05-26 13:49:11,140 [Worker-39: Building] INFO  o.e.m.c.i.embedder.EclipseLogger - Using 'UTF-8' encoding to copy filtered properties files.
2022-05-26 13:49:11,867 [Worker-39: Building] INFO  o.e.m.c.i.embedder.EclipseLogger - Copying 1 resource
2022-05-26 13:49:14,516 [Worker-39: Building] INFO  o.e.m.c.i.embedder.EclipseLogger - Copying 0 resource
2022-05-26 13:49:14,529 [Worker-39: Building] INFO  o.e.m.c.i.embedder.EclipseLogger - Using 'UTF-8' encoding to copy filtered resources.
2022-05-26 13:49:14,530 [Worker-39: Building] INFO  o.e.m.c.i.embedder.EclipseLogger - Using 'UTF-8' encoding to copy filtered properties files.
2022-05-26 13:49:14,531 [Worker-39: Building] INFO  o.e.m.c.i.embedder.EclipseLogger - skip non existing resourceDirectory /media/onesmus/dev/dev/microservice/couponservice/src/test/resources
2022-05-26 16:00:49,420 [Worker-0: Loading available Gradle versions] INFO  o.e.b.c.i.u.g.PublishedGradleVersions - Gradle version information cache is up-to-date. Trying to read.
2022-05-26 16:24:36,507 [Worker-12: Launching couponservice - CouponserviceApplication] INFO  o.e.m.c.i.embedder.EclipseLogger - Using 'UTF-8' encoding to copy filtered resources.
2022-05-26 16:24:36,541 [Worker-12: Launching couponservice - CouponserviceApplication] INFO  o.e.m.c.i.embedder.EclipseLogger - Using 'UTF-8' encoding to copy filtered properties files.
2022-05-26 16:24:36,572 [Worker-12: Launching couponservice - CouponserviceApplication] INFO  o.e.m.c.i.embedder.EclipseLogger - Copying 1 resource
2022-05-26 16:24:36,667 [Worker-12: Launching couponservice - CouponserviceApplication] INFO  o.e.m.c.i.embedder.EclipseLogger - Copying 0 resource
2022-05-26 16:24:36,681 [Worker-12: Launching couponservice - CouponserviceApplication] INFO  o.e.m.c.i.embedder.EclipseLogger - Using 'UTF-8' encoding to copy filtered resources.
2022-05-26 16:24:36,681 [Worker-12: Launching couponservice - CouponserviceApplication] INFO  o.e.m.c.i.embedder.EclipseLogger - Using 'UTF-8' encoding to copy filtered properties files.
2022-05-26 16:24:36,681 [Worker-12: Launching couponservice - CouponserviceApplication] INFO  o.e.m.c.i.embedder.EclipseLogger - skip non existing resourceDirectory /media/onesmus/dev/dev/microservice/couponservice/src/test/resources
2022-05-26 16:27:33,978 [Worker-13: Launching couponservice - CouponserviceApplication] INFO  o.e.m.c.i.embedder.EclipseLogger - Using 'UTF-8' encoding to copy filtered resources.
2022-05-26 16:27:33,978 [Worker-13: Launching couponservice - CouponserviceApplication] INFO  o.e.m.c.i.embedder.EclipseLogger - Using 'UTF-8' encoding to copy filtered properties files.
2022-05-26 16:27:33,984 [Worker-13: Launching couponservice - CouponserviceApplication] INFO  o.e.m.c.i.embedder.EclipseLogger - Copying 1 resource
2022-05-26 16:27:34,005 [Worker-13: Launching couponservice - CouponserviceApplication] INFO  o.e.m.c.i.embedder.EclipseLogger - Copying 0 resource
2022-05-26 16:27:34,019 [Worker-13: Launching couponservice - CouponserviceApplication] INFO  o.e.m.c.i.embedder.EclipseLogger - Using 'UTF-8' encoding to copy filtered resources.
2022-05-26 16:27:34,021 [Worker-13: Launching couponservice - CouponserviceApplication] INFO  o.e.m.c.i.embedder.EclipseLogger - Using 'UTF-8' encoding to copy filtered properties files.
2022-05-26 16:27:34,021 [Worker-13: Launching couponservice - CouponserviceApplication] INFO  o.e.m.c.i.embedder.EclipseLogger - skip non existing resourceDirectory /media/onesmus/dev/dev/microservice/couponservice/src/test/resources
2022-05-26 16:27:59,970 [Worker-13: Launching couponservice - CouponserviceApplication] INFO  o.e.m.c.i.embedder.EclipseLogger - Using 'UTF-8' encoding to copy filtered resources.
2022-05-26 16:27:59,970 [Worker-13: Launching couponservice - CouponserviceApplication] INFO  o.e.m.c.i.embedder.EclipseLogger - Using 'UTF-8' encoding to copy filtered properties files.
2022-05-26 16:27:59,972 [Worker-13: Launching couponservice - CouponserviceApplication] INFO  o.e.m.c.i.embedder.EclipseLogger - Copying 1 resource
2022-05-26 16:28:00,022 [Worker-13: Launching couponservice - CouponserviceApplication] INFO  o.e.m.c.i.embedder.EclipseLogger - Copying 0 resource
2022-05-26 16:28:00,047 [Worker-13: Launching couponservice - CouponserviceApplication] INFO  o.e.m.c.i.embedder.EclipseLogger - Using 'UTF-8' encoding to copy filtered resources.
2022-05-26 16:28:00,047 [Worker-13: Launching couponservice - CouponserviceApplication] INFO  o.e.m.c.i.embedder.EclipseLogger - Using 'UTF-8' encoding to copy filtered properties files.
2022-05-26 16:28:00,047 [Worker-13: Launching couponservice - CouponserviceApplication] INFO  o.e.m.c.i.embedder.EclipseLogger - skip non existing resourceDirectory /media/onesmus/dev/dev/microservice/couponservice/src/test/resources
2022-05-26 18:12:00,126 [Worker-19: Launching couponservice - CouponserviceApplication] INFO  o.e.m.c.i.embedder.EclipseLogger - Using 'UTF-8' encoding to copy filtered resources.
2022-05-26 18:12:00,136 [Worker-19: Launching couponservice - CouponserviceApplication] INFO  o.e.m.c.i.embedder.EclipseLogger - Using 'UTF-8' encoding to copy filtered properties files.
2022-05-26 18:12:00,162 [Worker-19: Launching couponservice - CouponserviceApplication] INFO  o.e.m.c.i.embedder.EclipseLogger - Copying 1 resource
2022-05-26 18:12:00,212 [Worker-19: Launching couponservice - CouponserviceApplication] INFO  o.e.m.c.i.embedder.EclipseLogger - Copying 0 resource
2022-05-26 18:12:00,222 [Worker-19: Launching couponservice - CouponserviceApplication] INFO  o.e.m.c.i.embedder.EclipseLogger - Using 'UTF-8' encoding to copy filtered resources.
2022-05-26 18:12:00,222 [Worker-19: Launching couponservice - CouponserviceApplication] INFO  o.e.m.c.i.embedder.EclipseLogger - Using 'UTF-8' encoding to copy filtered properties files.
2022-05-26 18:12:00,222 [Worker-19: Launching couponservice - CouponserviceApplication] INFO  o.e.m.c.i.embedder.EclipseLogger - skip non existing resourceDirectory /media/onesmus/dev/dev/microservice/couponservice/src/test/resources
2022-05-26 18:21:10,275 [Worker-25: Launching couponservice - CouponserviceApplication] INFO  o.e.m.c.i.embedder.EclipseLogger - Using 'UTF-8' encoding to copy filtered resources.
2022-05-26 18:21:10,275 [Worker-25: Launching couponservice - CouponserviceApplication] INFO  o.e.m.c.i.embedder.EclipseLogger - Using 'UTF-8' encoding to copy filtered properties files.
2022-05-26 18:21:10,276 [Worker-25: Launching couponservice - CouponserviceApplication] INFO  o.e.m.c.i.embedder.EclipseLogger - Copying 1 resource
2022-05-26 18:21:10,302 [Worker-25: Launching couponservice - CouponserviceApplication] INFO  o.e.m.c.i.embedder.EclipseLogger - Copying 0 resource
2022-05-26 18:21:10,320 [Worker-25: Launching couponservice - CouponserviceApplication] INFO  o.e.m.c.i.embedder.EclipseLogger - Using 'UTF-8' encoding to copy filtered resources.
2022-05-26 18:21:10,320 [Worker-25: Launching couponservice - CouponserviceApplication] INFO  o.e.m.c.i.embedder.EclipseLogger - Using 'UTF-8' encoding to copy filtered properties files.
2022-05-26 18:21:10,321 [Worker-25: Launching couponservice - CouponserviceApplication] INFO  o.e.m.c.i.embedder.EclipseLogger - skip non existing resourceDirectory /media/onesmus/dev/dev/microservice/couponservice/src/test/resources
2022-05-26 18:25:28,697 [Worker-28: Launching couponservice - CouponserviceApplication] INFO  o.e.m.c.i.embedder.EclipseLogger - Using 'UTF-8' encoding to copy filtered resources.
2022-05-26 18:25:28,698 [Worker-28: Launching couponservice - CouponserviceApplication] INFO  o.e.m.c.i.embedder.EclipseLogger - Using 'UTF-8' encoding to copy filtered properties files.
2022-05-26 18:25:28,699 [Worker-28: Launching couponservice - CouponserviceApplication] INFO  o.e.m.c.i.embedder.EclipseLogger - Copying 1 resource
2022-05-26 18:25:28,702 [Worker-28: Launching couponservice - CouponserviceApplication] INFO  o.e.m.c.i.embedder.EclipseLogger - Copying 0 resource
2022-05-26 18:25:28,710 [Worker-28: Launching couponservice - CouponserviceApplication] INFO  o.e.m.c.i.embedder.EclipseLogger - Using 'UTF-8' encoding to copy filtered resources.
2022-05-26 18:25:28,711 [Worker-28: Launching couponservice - CouponserviceApplication] INFO  o.e.m.c.i.embedder.EclipseLogger - Using 'UTF-8' encoding to copy filtered properties files.
2022-05-26 18:25:28,711 [Worker-28: Launching couponservice - CouponserviceApplication] INFO  o.e.m.c.i.embedder.EclipseLogger - skip non existing resourceDirectory /media/onesmus/dev/dev/microservice/couponservice/src/test/resources
2022-05-26 18:26:42,947 [Worker-19: Launching couponservice - CouponserviceApplication] INFO  o.e.m.c.i.embedder.EclipseLogger - Using 'UTF-8' encoding to copy filtered resources.
2022-05-26 18:26:42,948 [Worker-19: Launching couponservice - CouponserviceApplication] INFO  o.e.m.c.i.embedder.EclipseLogger - Using 'UTF-8' encoding to copy filtered properties files.
2022-05-26 18:26:42,949 [Worker-19: Launching couponservice - CouponserviceApplication] INFO  o.e.m.c.i.embedder.EclipseLogger - Copying 1 resource
2022-05-26 18:26:42,993 [Worker-19: Launching couponservice - CouponserviceApplication] INFO  o.e.m.c.i.embedder.EclipseLogger - Copying 0 resource
2022-05-26 18:26:43,010 [Worker-19: Launching couponservice - CouponserviceApplication] INFO  o.e.m.c.i.embedder.EclipseLogger - Using 'UTF-8' encoding to copy filtered resources.
2022-05-26 18:26:43,010 [Worker-19: Launching couponservice - CouponserviceApplication] INFO  o.e.m.c.i.embedder.EclipseLogger - Using 'UTF-8' encoding to copy filtered properties files.
2022-05-26 18:26:43,010 [Worker-19: Launching couponservice - CouponserviceApplication] INFO  o.e.m.c.i.embedder.EclipseLogger - skip non existing resourceDirectory /media/onesmus/dev/dev/microservice/couponservice/src/test/resources
2022-05-26 18:27:08,049 [Worker-30: Launching couponservice - CouponserviceApplication] INFO  o.e.m.c.i.embedder.EclipseLogger - Using 'UTF-8' encoding to copy filtered resources.
2022-05-26 18:27:08,049 [Worker-30: Launching couponservice - CouponserviceApplication] INFO  o.e.m.c.i.embedder.EclipseLogger - Using 'UTF-8' encoding to copy filtered properties files.
2022-05-26 18:27:08,052 [Worker-30: Launching couponservice - CouponserviceApplication] INFO  o.e.m.c.i.embedder.EclipseLogger - Copying 1 resource
2022-05-26 18:27:08,063 [Worker-30: Launching couponservice - CouponserviceApplication] INFO  o.e.m.c.i.embedder.EclipseLogger - Copying 0 resource
2022-05-26 18:27:08,118 [Worker-30: Launching couponservice - CouponserviceApplication] INFO  o.e.m.c.i.embedder.EclipseLogger - Using 'UTF-8' encoding to copy filtered resources.
2022-05-26 18:27:08,119 [Worker-30: Launching couponservice - CouponserviceApplication] INFO  o.e.m.c.i.embedder.EclipseLogger - Using 'UTF-8' encoding to copy filtered properties files.
2022-05-26 18:27:08,119 [Worker-30: Launching couponservice - CouponserviceApplication] INFO  o.e.m.c.i.embedder.EclipseLogger - skip non existing resourceDirectory /media/onesmus/dev/dev/microservice/couponservice/src/test/resources
2022-05-26 20:37:21,794 [Worker-43: Launching couponservice - CouponserviceApplication] INFO  o.e.m.c.i.embedder.EclipseLogger - Using 'UTF-8' encoding to copy filtered resources.
2022-05-26 20:37:21,820 [Worker-43: Launching couponservice - CouponserviceApplication] INFO  o.e.m.c.i.embedder.EclipseLogger - Using 'UTF-8' encoding to copy filtered properties files.
2022-05-26 20:37:21,822 [Worker-43: Launching couponservice - CouponserviceApplication] INFO  o.e.m.c.i.embedder.EclipseLogger - Copying 1 resource
2022-05-26 20:37:21,825 [Worker-43: Launching couponservice - CouponserviceApplication] INFO  o.e.m.c.i.embedder.EclipseLogger - Copying 0 resource
2022-05-26 20:37:21,833 [Worker-43: Launching couponservice - CouponserviceApplication] INFO  o.e.m.c.i.embedder.EclipseLogger - Using 'UTF-8' encoding to copy filtered resources.
2022-05-26 20:37:21,833 [Worker-43: Launching couponservice - CouponserviceApplication] INFO  o.e.m.c.i.embedder.EclipseLogger - Using 'UTF-8' encoding to copy filtered properties files.
2022-05-26 20:37:21,833 [Worker-43: Launching couponservice - CouponserviceApplication] INFO  o.e.m.c.i.embedder.EclipseLogger - skip non existing resourceDirectory /media/onesmus/dev/dev/microservice/couponservice/src/test/resources
2022-05-26 20:40:28,487 [Worker-46: Launching couponservice - CouponserviceApplication] INFO  o.e.m.c.i.embedder.EclipseLogger - Using 'UTF-8' encoding to copy filtered resources.
2022-05-26 20:40:28,488 [Worker-46: Launching couponservice - CouponserviceApplication] INFO  o.e.m.c.i.embedder.EclipseLogger - Using 'UTF-8' encoding to copy filtered properties files.
2022-05-26 20:40:28,496 [Worker-46: Launching couponservice - CouponserviceApplication] INFO  o.e.m.c.i.embedder.EclipseLogger - Copying 1 resource
2022-05-26 20:40:28,516 [Worker-46: Launching couponservice - CouponserviceApplication] INFO  o.e.m.c.i.embedder.EclipseLogger - Copying 0 resource
2022-05-26 20:40:28,534 [Worker-46: Launching couponservice - CouponserviceApplication] INFO  o.e.m.c.i.embedder.EclipseLogger - Using 'UTF-8' encoding to copy filtered resources.
2022-05-26 20:40:28,534 [Worker-46: Launching couponservice - CouponserviceApplication] INFO  o.e.m.c.i.embedder.EclipseLogger - Using 'UTF-8' encoding to copy filtered properties files.
2022-05-26 20:40:28,534 [Worker-46: Launching couponservice - CouponserviceApplication] INFO  o.e.m.c.i.embedder.EclipseLogger - skip non existing resourceDirectory /media/onesmus/dev/dev/microservice/couponservice/src/test/resources
2022-05-26 20:44:33,889 [Worker-53: Launching couponservice - CouponserviceApplication] INFO  o.e.m.c.i.embedder.EclipseLogger - Using 'UTF-8' encoding to copy filtered resources.
2022-05-26 20:44:33,890 [Worker-53: Launching couponservice - CouponserviceApplication] INFO  o.e.m.c.i.embedder.EclipseLogger - Using 'UTF-8' encoding to copy filtered properties files.
2022-05-26 20:44:33,891 [Worker-53: Launching couponservice - CouponserviceApplication] INFO  o.e.m.c.i.embedder.EclipseLogger - Copying 1 resource
2022-05-26 20:44:33,930 [Worker-53: Launching couponservice - CouponserviceApplication] INFO  o.e.m.c.i.embedder.EclipseLogger - Copying 0 resource
2022-05-26 20:44:33,945 [Worker-53: Launching couponservice - CouponserviceApplication] INFO  o.e.m.c.i.embedder.EclipseLogger - Using 'UTF-8' encoding to copy filtered resources.
2022-05-26 20:44:33,945 [Worker-53: Launching couponservice - CouponserviceApplication] INFO  o.e.m.c.i.embedder.EclipseLogger - Using 'UTF-8' encoding to copy filtered properties files.
2022-05-26 20:44:33,945 [Worker-53: Launching couponservice - CouponserviceApplication] INFO  o.e.m.c.i.embedder.EclipseLogger - skip non existing resourceDirectory /media/onesmus/dev/dev/microservice/couponservice/src/test/resources
2022-05-26 20:53:37,824 [Worker-57: Launching couponservice - CouponserviceApplication] INFO  o.e.m.c.i.embedder.EclipseLogger - Using 'UTF-8' encoding to copy filtered resources.
2022-05-26 20:53:37,824 [Worker-57: Launching couponservice - CouponserviceApplication] INFO  o.e.m.c.i.embedder.EclipseLogger - Using 'UTF-8' encoding to copy filtered properties files.
2022-05-26 20:53:37,826 [Worker-57: Launching couponservice - CouponserviceApplication] INFO  o.e.m.c.i.embedder.EclipseLogger - Copying 1 resource
2022-05-26 20:53:37,829 [Worker-57: Launching couponservice - CouponserviceApplication] INFO  o.e.m.c.i.embedder.EclipseLogger - Copying 0 resource
2022-05-26 20:53:37,833 [Worker-57: Launching couponservice - CouponserviceApplication] INFO  o.e.m.c.i.embedder.EclipseLogger - Using 'UTF-8' encoding to copy filtered resources.
2022-05-26 20:53:37,834 [Worker-57: Launching couponservice - CouponserviceApplication] INFO  o.e.m.c.i.embedder.EclipseLogger - Using 'UTF-8' encoding to copy filtered properties files.
2022-05-26 20:53:37,834 [Worker-57: Launching couponservice - CouponserviceApplication] INFO  o.e.m.c.i.embedder.EclipseLogger - skip non existing resourceDirectory /media/onesmus/dev/dev/microservice/couponservice/src/test/resources
2022-05-26 20:55:05,916 [Worker-53: Launching couponservice - CouponserviceApplication] INFO  o.e.m.c.i.embedder.EclipseLogger - Using 'UTF-8' encoding to copy filtered resources.
2022-05-26 20:55:05,916 [Worker-53: Launching couponservice - CouponserviceApplication] INFO  o.e.m.c.i.embedder.EclipseLogger - Using 'UTF-8' encoding to copy filtered properties files.
2022-05-26 20:55:05,917 [Worker-53: Launching couponservice - CouponserviceApplication] INFO  o.e.m.c.i.embedder.EclipseLogger - Copying 1 resource
2022-05-26 20:55:05,962 [Worker-53: Launching couponservice - CouponserviceApplication] INFO  o.e.m.c.i.embedder.EclipseLogger - Copying 0 resource
2022-05-26 20:55:05,980 [Worker-53: Launching couponservice - CouponserviceApplication] INFO  o.e.m.c.i.embedder.EclipseLogger - Using 'UTF-8' encoding to copy filtered resources.
2022-05-26 20:55:05,980 [Worker-53: Launching couponservice - CouponserviceApplication] INFO  o.e.m.c.i.embedder.EclipseLogger - Using 'UTF-8' encoding to copy filtered properties files.
2022-05-26 20:55:05,985 [Worker-53: Launching couponservice - CouponserviceApplication] INFO  o.e.m.c.i.embedder.EclipseLogger - skip non existing resourceDirectory /media/onesmus/dev/dev/microservice/couponservice/src/test/resources
2022-05-26 20:56:53,498 [Worker-53: Launching couponservice - CouponserviceApplication] INFO  o.e.m.c.i.embedder.EclipseLogger - Using 'UTF-8' encoding to copy filtered resources.
2022-05-26 20:56:53,499 [Worker-53: Launching couponservice - CouponserviceApplication] INFO  o.e.m.c.i.embedder.EclipseLogger - Using 'UTF-8' encoding to copy filtered properties files.
2022-05-26 20:56:53,500 [Worker-53: Launching couponservice - CouponserviceApplication] INFO  o.e.m.c.i.embedder.EclipseLogger - Copying 1 resource
2022-05-26 20:56:53,517 [Worker-53: Launching couponservice - CouponserviceApplication] INFO  o.e.m.c.i.embedder.EclipseLogger - Copying 0 resource
2022-05-26 20:56:53,543 [Worker-53: Launching couponservice - CouponserviceApplication] INFO  o.e.m.c.i.embedder.EclipseLogger - Using 'UTF-8' encoding to copy filtered resources.
2022-05-26 20:56:53,543 [Worker-53: Launching couponservice - CouponserviceApplication] INFO  o.e.m.c.i.embedder.EclipseLogger - Using 'UTF-8' encoding to copy filtered properties files.
2022-05-26 20:56:53,544 [Worker-53: Launching couponservice - CouponserviceApplication] INFO  o.e.m.c.i.embedder.EclipseLogger - skip non existing resourceDirectory /media/onesmus/dev/dev/microservice/couponservice/src/test/resources
2022-05-26 22:03:40,578 [Worker-61: Launching couponservice - CouponserviceApplication] INFO  o.e.m.c.i.embedder.EclipseLogger - Using 'UTF-8' encoding to copy filtered resources.
2022-05-26 22:03:40,578 [Worker-61: Launching couponservice - CouponserviceApplication] INFO  o.e.m.c.i.embedder.EclipseLogger - Using 'UTF-8' encoding to copy filtered properties files.
2022-05-26 22:03:40,579 [Worker-61: Launching couponservice - CouponserviceApplication] INFO  o.e.m.c.i.embedder.EclipseLogger - Copying 1 resource
2022-05-26 22:03:40,631 [Worker-61: Launching couponservice - CouponserviceApplication] INFO  o.e.m.c.i.embedder.EclipseLogger - Copying 0 resource
2022-05-26 22:03:40,653 [Worker-61: Launching couponservice - CouponserviceApplication] INFO  o.e.m.c.i.embedder.EclipseLogger - Using 'UTF-8' encoding to copy filtered resources.
2022-05-26 22:03:40,653 [Worker-61: Launching couponservice - CouponserviceApplication] INFO  o.e.m.c.i.embedder.EclipseLogger - Using 'UTF-8' encoding to copy filtered properties files.
2022-05-26 22:03:40,662 [Worker-61: Launching couponservice - CouponserviceApplication] INFO  o.e.m.c.i.embedder.EclipseLogger - skip non existing resourceDirectory /media/onesmus/dev/dev/microservice/couponservice/src/test/resources
2022-05-26 22:04:46,661 [Worker-47: Launching couponservice - CouponserviceApplication] INFO  o.e.m.c.i.embedder.EclipseLogger - Using 'UTF-8' encoding to copy filtered resources.
2022-05-26 22:04:46,662 [Worker-47: Launching couponservice - CouponserviceApplication] INFO  o.e.m.c.i.embedder.EclipseLogger - Using 'UTF-8' encoding to copy filtered properties files.
2022-05-26 22:04:46,663 [Worker-47: Launching couponservice - CouponserviceApplication] INFO  o.e.m.c.i.embedder.EclipseLogger - Copying 1 resource
2022-05-26 22:04:46,666 [Worker-47: Launching couponservice - CouponserviceApplication] INFO  o.e.m.c.i.embedder.EclipseLogger - Copying 0 resource
2022-05-26 22:04:46,672 [Worker-47: Launching couponservice - CouponserviceApplication] INFO  o.e.m.c.i.embedder.EclipseLogger - Using 'UTF-8' encoding to copy filtered resources.
2022-05-26 22:04:46,672 [Worker-47: Launching couponservice - CouponserviceApplication] INFO  o.e.m.c.i.embedder.EclipseLogger - Using 'UTF-8' encoding to copy filtered properties files.
2022-05-26 22:04:46,675 [Worker-47: Launching couponservice - CouponserviceApplication] INFO  o.e.m.c.i.embedder.EclipseLogger - skip non existing resourceDirectory /media/onesmus/dev/dev/microservice/couponservice/src/test/resources
2022-05-26 23:05:32,557 [Worker-61: Launching couponservice - CouponserviceApplication] INFO  o.e.m.c.i.embedder.EclipseLogger - Using 'UTF-8' encoding to copy filtered resources.
2022-05-26 23:05:32,558 [Worker-61: Launching couponservice - CouponserviceApplication] INFO  o.e.m.c.i.embedder.EclipseLogger - Using 'UTF-8' encoding to copy filtered properties files.
2022-05-26 23:05:32,559 [Worker-61: Launching couponservice - CouponserviceApplication] INFO  o.e.m.c.i.embedder.EclipseLogger - Copying 1 resource
2022-05-26 23:05:32,574 [Worker-61: Launching couponservice - CouponserviceApplication] INFO  o.e.m.c.i.embedder.EclipseLogger - Copying 0 resource
2022-05-26 23:05:32,580 [Worker-61: Launching couponservice - CouponserviceApplication] INFO  o.e.m.c.i.embedder.EclipseLogger - Using 'UTF-8' encoding to copy filtered resources.
2022-05-26 23:05:32,580 [Worker-61: Launching couponservice - CouponserviceApplication] INFO  o.e.m.c.i.embedder.EclipseLogger - Using 'UTF-8' encoding to copy filtered properties files.
2022-05-26 23:05:32,580 [Worker-61: Launching couponservice - CouponserviceApplication] INFO  o.e.m.c.i.embedder.EclipseLogger - skip non existing resourceDirectory /media/onesmus/dev/dev/microservice/couponservice/src/test/resources
2022-05-26 23:07:27,695 [Worker-65: Launching couponservice - CouponserviceApplication] INFO  o.e.m.c.i.embedder.EclipseLogger - Using 'UTF-8' encoding to copy filtered resources.
2022-05-26 23:07:27,695 [Worker-65: Launching couponservice - CouponserviceApplication] INFO  o.e.m.c.i.embedder.EclipseLogger - Using 'UTF-8' encoding to copy filtered properties files.
2022-05-26 23:07:27,696 [Worker-65: Launching couponservice - CouponserviceApplication] INFO  o.e.m.c.i.embedder.EclipseLogger - Copying 1 resource
2022-05-26 23:07:27,709 [Worker-65: Launching couponservice - CouponserviceApplication] INFO  o.e.m.c.i.embedder.EclipseLogger - Copying 0 resource
2022-05-26 23:07:27,716 [Worker-65: Launching couponservice - CouponserviceApplication] INFO  o.e.m.c.i.embedder.EclipseLogger - Using 'UTF-8' encoding to copy filtered resources.
2022-05-26 23:07:27,717 [Worker-65: Launching couponservice - CouponserviceApplication] INFO  o.e.m.c.i.embedder.EclipseLogger - Using 'UTF-8' encoding to copy filtered properties files.
2022-05-26 23:07:27,719 [Worker-65: Launching couponservice - CouponserviceApplication] INFO  o.e.m.c.i.embedder.EclipseLogger - skip non existing resourceDirectory /media/onesmus/dev/dev/microservice/couponservice/src/test/resources
2022-05-26 23:10:22,664 [Worker-61: Launching couponservice - CouponserviceApplication] INFO  o.e.m.c.i.embedder.EclipseLogger - Using 'UTF-8' encoding to copy filtered resources.
2022-05-26 23:10:22,670 [Worker-61: Launching couponservice - CouponserviceApplication] INFO  o.e.m.c.i.embedder.EclipseLogger - Using 'UTF-8' encoding to copy filtered properties files.
2022-05-26 23:10:22,672 [Worker-61: Launching couponservice - CouponserviceApplication] INFO  o.e.m.c.i.embedder.EclipseLogger - Copying 1 resource
2022-05-26 23:10:22,683 [Worker-61: Launching couponservice - CouponserviceApplication] INFO  o.e.m.c.i.embedder.EclipseLogger - Copying 0 resource
2022-05-26 23:10:22,715 [Worker-61: Launching couponservice - CouponserviceApplication] INFO  o.e.m.c.i.embedder.EclipseLogger - Using 'UTF-8' encoding to copy filtered resources.
2022-05-26 23:10:22,716 [Worker-61: Launching couponservice - CouponserviceApplication] INFO  o.e.m.c.i.embedder.EclipseLogger - Using 'UTF-8' encoding to copy filtered properties files.
2022-05-26 23:10:22,716 [Worker-61: Launching couponservice - CouponserviceApplication] INFO  o.e.m.c.i.embedder.EclipseLogger - skip non existing resourceDirectory /media/onesmus/dev/dev/microservice/couponservice/src/test/resources
2022-05-26 23:14:00,525 [Worker-72: Launching couponservice - CouponserviceApplication] INFO  o.e.m.c.i.embedder.EclipseLogger - Using 'UTF-8' encoding to copy filtered resources.
2022-05-26 23:14:00,526 [Worker-72: Launching couponservice - CouponserviceApplication] INFO  o.e.m.c.i.embedder.EclipseLogger - Using 'UTF-8' encoding to copy filtered properties files.
2022-05-26 23:14:00,528 [Worker-72: Launching couponservice - CouponserviceApplication] INFO  o.e.m.c.i.embedder.EclipseLogger - Copying 1 resource
2022-05-26 23:14:00,544 [Worker-72: Launching couponservice - CouponserviceApplication] INFO  o.e.m.c.i.embedder.EclipseLogger - Copying 0 resource
2022-05-26 23:14:00,559 [Worker-72: Launching couponservice - CouponserviceApplication] INFO  o.e.m.c.i.embedder.EclipseLogger - Using 'UTF-8' encoding to copy filtered resources.
2022-05-26 23:14:00,560 [Worker-72: Launching couponservice - CouponserviceApplication] INFO  o.e.m.c.i.embedder.EclipseLogger - Using 'UTF-8' encoding to copy filtered properties files.
2022-05-26 23:14:00,560 [Worker-72: Launching couponservice - CouponserviceApplication] INFO  o.e.m.c.i.embedder.EclipseLogger - skip non existing resourceDirectory /media/onesmus/dev/dev/microservice/couponservice/src/test/resources
2022-05-26 23:16:57,334 [Worker-67: Launching couponservice - CouponserviceApplication] INFO  o.e.m.c.i.embedder.EclipseLogger - Using 'UTF-8' encoding to copy filtered resources.
2022-05-26 23:16:57,335 [Worker-67: Launching couponservice - CouponserviceApplication] INFO  o.e.m.c.i.embedder.EclipseLogger - Using 'UTF-8' encoding to copy filtered properties files.
2022-05-26 23:16:57,336 [Worker-67: Launching couponservice - CouponserviceApplication] INFO  o.e.m.c.i.embedder.EclipseLogger - Copying 1 resource
2022-05-26 23:16:57,369 [Worker-67: Launching couponservice - CouponserviceApplication] INFO  o.e.m.c.i.embedder.EclipseLogger - Copying 0 resource
2022-05-26 23:16:57,387 [Worker-67: Launching couponservice - CouponserviceApplication] INFO  o.e.m.c.i.embedder.EclipseLogger - Using 'UTF-8' encoding to copy filtered resources.
2022-05-26 23:16:57,388 [Worker-67: Launching couponservice - CouponserviceApplication] INFO  o.e.m.c.i.embedder.EclipseLogger - Using 'UTF-8' encoding to copy filtered properties files.
2022-05-26 23:16:57,388 [Worker-67: Launching couponservice - CouponserviceApplication] INFO  o.e.m.c.i.embedder.EclipseLogger - skip non existing resourceDirectory /media/onesmus/dev/dev/microservice/couponservice/src/test/resources
2022-05-26 23:19:27,699 [Worker-79: Launching couponservice - CouponserviceApplication] INFO  o.e.m.c.i.embedder.EclipseLogger - Using 'UTF-8' encoding to copy filtered resources.
2022-05-26 23:19:27,699 [Worker-79: Launching couponservice - CouponserviceApplication] INFO  o.e.m.c.i.embedder.EclipseLogger - Using 'UTF-8' encoding to copy filtered properties files.
2022-05-26 23:19:27,700 [Worker-79: Launching couponservice - CouponserviceApplication] INFO  o.e.m.c.i.embedder.EclipseLogger - Copying 1 resource
2022-05-26 23:19:27,717 [Worker-79: Launching couponservice - CouponserviceApplication] INFO  o.e.m.c.i.embedder.EclipseLogger - Copying 0 resource
2022-05-26 23:19:27,731 [Worker-79: Launching couponservice - CouponserviceApplication] INFO  o.e.m.c.i.embedder.EclipseLogger - Using 'UTF-8' encoding to copy filtered resources.
2022-05-26 23:19:27,731 [Worker-79: Launching couponservice - CouponserviceApplication] INFO  o.e.m.c.i.embedder.EclipseLogger - Using 'UTF-8' encoding to copy filtered properties files.
2022-05-26 23:19:27,731 [Worker-79: Launching couponservice - CouponserviceApplication] INFO  o.e.m.c.i.embedder.EclipseLogger - skip non existing resourceDirectory /media/onesmus/dev/dev/microservice/couponservice/src/test/resources
2022-05-27 08:48:32,166 [Worker-79: Import Getting Started Content] INFO  o.e.m.c.i.l.LifecycleMappingFactory - Using org.eclipse.m2e.jdt.JarLifecycleMapping lifecycle mapping for MavenProject: com.example:productservice:0.0.1-SNAPSHOT @ /media/onesmus/dev/dev/microservice/productservice/pom.xml.
2022-05-27 08:48:36,519 [Worker-79: Import Getting Started Content] INFO  o.e.m.j.i.AbstractJavaProjectConfigurator - Adding source folder /productservice/src/main/java
2022-05-27 08:48:36,520 [Worker-79: Import Getting Started Content] INFO  o.e.m.j.i.AbstractJavaProjectConfigurator - Adding resource folder /productservice/src/main/resources
2022-05-27 08:48:36,543 [Worker-79: Import Getting Started Content] INFO  o.e.m.j.i.AbstractJavaProjectConfigurator - Adding resource folder /productservice/src/main/resources
2022-05-27 08:48:36,576 [Worker-79: Import Getting Started Content] INFO  o.e.m.j.i.AbstractJavaProjectConfigurator - Adding source folder /productservice/src/test/java
2022-05-27 08:48:37,890 [Worker-79: Import Getting Started Content] INFO  o.e.m.c.i.p.ProjectConfigurationManager - Imported and configured 1 project(s) in 11 sec
2022-05-27 08:48:37,913 [Worker-79: Import Getting Started Content] INFO  o.e.m.c.i.p.ProjectConfigurationManager - Update started
2022-05-27 08:48:39,664 [Worker-79: Import Getting Started Content] INFO  o.e.m.c.i.l.LifecycleMappingFactory - Using org.eclipse.m2e.jdt.JarLifecycleMapping lifecycle mapping for MavenProject: com.example:productservice:0.0.1-SNAPSHOT @ /media/onesmus/dev/dev/microservice/productservice/pom.xml.
2022-05-27 08:48:41,337 [Worker-79: Import Getting Started Content] INFO  o.e.m.j.i.AbstractJavaProjectConfigurator - Adding source folder /productservice/src/main/java
2022-05-27 08:48:41,338 [Worker-79: Import Getting Started Content] INFO  o.e.m.j.i.AbstractJavaProjectConfigurator - Adding resource folder /productservice/src/main/resources
2022-05-27 08:48:41,339 [Worker-79: Import Getting Started Content] INFO  o.e.m.j.i.AbstractJavaProjectConfigurator - Adding resource folder /productservice/src/main/resources
2022-05-27 08:48:41,340 [Worker-79: Import Getting Started Content] INFO  o.e.m.j.i.AbstractJavaProjectConfigurator - Adding source folder /productservice/src/test/java
2022-05-27 08:48:42,362 [Worker-79: Import Getting Started Content] INFO  o.e.m.c.i.p.ProjectConfigurationManager - Update completed: 4 sec
2022-05-27 08:48:44,737 [Worker-79: Building] INFO  o.e.m.c.i.embedder.EclipseLogger - Using 'UTF-8' encoding to copy filtered resources.
2022-05-27 08:48:44,737 [Worker-79: Building] INFO  o.e.m.c.i.embedder.EclipseLogger - Using 'UTF-8' encoding to copy filtered properties files.
2022-05-27 08:48:44,739 [Worker-79: Building] INFO  o.e.m.c.i.embedder.EclipseLogger - Copying 1 resource
2022-05-27 08:48:44,743 [Worker-79: Building] INFO  o.e.m.c.i.embedder.EclipseLogger - Copying 0 resource
2022-05-27 08:48:44,751 [Worker-79: Building] INFO  o.e.m.c.i.embedder.EclipseLogger - Using 'UTF-8' encoding to copy filtered resources.
2022-05-27 08:48:44,752 [Worker-79: Building] INFO  o.e.m.c.i.embedder.EclipseLogger - Using 'UTF-8' encoding to copy filtered properties files.
2022-05-27 08:48:44,752 [Worker-79: Building] INFO  o.e.m.c.i.embedder.EclipseLogger - skip non existing resourceDirectory /media/onesmus/dev/dev/microservice/productservice/src/test/resources
2022-05-27 08:50:10,426 [Worker-92: Building] INFO  o.e.m.c.i.embedder.EclipseLogger - Using 'UTF-8' encoding to copy filtered resources.
2022-05-27 08:50:10,429 [Worker-92: Building] INFO  o.e.m.c.i.embedder.EclipseLogger - Using 'UTF-8' encoding to copy filtered properties files.
2022-05-27 08:50:10,430 [Worker-92: Building] INFO  o.e.m.c.i.embedder.EclipseLogger - Copying 1 resource
2022-05-27 08:50:10,617 [Worker-92: Building] INFO  o.e.m.c.i.embedder.EclipseLogger - Copying 0 resource
2022-05-27 08:50:10,832 [Worker-92: Building] INFO  o.e.m.c.i.embedder.EclipseLogger - Using 'UTF-8' encoding to copy filtered resources.
2022-05-27 08:50:10,833 [Worker-92: Building] INFO  o.e.m.c.i.embedder.EclipseLogger - Using 'UTF-8' encoding to copy filtered properties files.
2022-05-27 08:50:10,833 [Worker-92: Building] INFO  o.e.m.c.i.embedder.EclipseLogger - skip non existing resourceDirectory /media/onesmus/dev/dev/microservice/productservice/src/test/resources
2022-05-27 08:55:25,910 [Worker-90: Building] INFO  o.e.m.c.i.embedder.EclipseLogger - Using 'UTF-8' encoding to copy filtered resources.
2022-05-27 08:55:25,910 [Worker-90: Building] INFO  o.e.m.c.i.embedder.EclipseLogger - Using 'UTF-8' encoding to copy filtered properties files.
2022-05-27 08:55:25,911 [Worker-90: Building] INFO  o.e.m.c.i.embedder.EclipseLogger - Copying 1 resource
2022-05-27 08:55:25,939 [Worker-90: Building] INFO  o.e.m.c.i.embedder.EclipseLogger - Copying 0 resource
2022-05-27 08:55:25,955 [Worker-90: Building] INFO  o.e.m.c.i.embedder.EclipseLogger - Using 'UTF-8' encoding to copy filtered resources.
2022-05-27 08:55:25,957 [Worker-90: Building] INFO  o.e.m.c.i.embedder.EclipseLogger - Using 'UTF-8' encoding to copy filtered properties files.
2022-05-27 08:55:25,958 [Worker-90: Building] INFO  o.e.m.c.i.embedder.EclipseLogger - skip non existing resourceDirectory /media/onesmus/dev/dev/microservice/productservice/src/test/resources
2022-05-27 08:57:29,068 [Worker-91: Building] INFO  o.e.m.c.i.embedder.EclipseLogger - Using 'UTF-8' encoding to copy filtered resources.
2022-05-27 08:57:29,075 [Worker-91: Building] INFO  o.e.m.c.i.embedder.EclipseLogger - Using 'UTF-8' encoding to copy filtered properties files.
2022-05-27 08:57:29,085 [Worker-91: Building] INFO  o.e.m.c.i.embedder.EclipseLogger - Copying 1 resource
2022-05-27 08:57:29,094 [Worker-91: Building] INFO  o.e.m.c.i.embedder.EclipseLogger - Copying 0 resource
2022-05-27 08:57:29,125 [Worker-91: Building] INFO  o.e.m.c.i.embedder.EclipseLogger - Using 'UTF-8' encoding to copy filtered resources.
2022-05-27 08:57:29,125 [Worker-91: Building] INFO  o.e.m.c.i.embedder.EclipseLogger - Using 'UTF-8' encoding to copy filtered properties files.
2022-05-27 08:57:29,125 [Worker-91: Building] INFO  o.e.m.c.i.embedder.EclipseLogger - skip non existing resourceDirectory /media/onesmus/dev/dev/microservice/productservice/src/test/resources
2022-05-27 09:20:48,152 [Worker-96: Building] INFO  o.e.m.c.i.embedder.EclipseLogger - Using 'UTF-8' encoding to copy filtered resources.
2022-05-27 09:20:48,152 [Worker-96: Building] INFO  o.e.m.c.i.embedder.EclipseLogger - Using 'UTF-8' encoding to copy filtered properties files.
2022-05-27 09:20:48,155 [Worker-96: Building] INFO  o.e.m.c.i.embedder.EclipseLogger - Copying 1 resource
2022-05-27 09:20:48,181 [Worker-96: Building] INFO  o.e.m.c.i.embedder.EclipseLogger - Copying 0 resource
2022-05-27 09:20:48,187 [Worker-96: Building] INFO  o.e.m.c.i.embedder.EclipseLogger - Using 'UTF-8' encoding to copy filtered resources.
2022-05-27 09:20:48,187 [Worker-96: Building] INFO  o.e.m.c.i.embedder.EclipseLogger - Using 'UTF-8' encoding to copy filtered properties files.
2022-05-27 09:20:48,187 [Worker-96: Building] INFO  o.e.m.c.i.embedder.EclipseLogger - skip non existing resourceDirectory /media/onesmus/dev/dev/microservice/productservice/src/test/resources
2022-05-27 09:21:02,837 [Worker-99: Launching productservice - ProductserviceApplication] INFO  o.e.m.c.i.embedder.EclipseLogger - Using 'UTF-8' encoding to copy filtered resources.
2022-05-27 09:21:02,838 [Worker-99: Launching productservice - ProductserviceApplication] INFO  o.e.m.c.i.embedder.EclipseLogger - Using 'UTF-8' encoding to copy filtered properties files.
2022-05-27 09:21:02,839 [Worker-99: Launching productservice - ProductserviceApplication] INFO  o.e.m.c.i.embedder.EclipseLogger - Copying 1 resource
2022-05-27 09:21:02,852 [Worker-99: Launching productservice - ProductserviceApplication] INFO  o.e.m.c.i.embedder.EclipseLogger - Copying 0 resource
2022-05-27 09:21:02,857 [Worker-99: Launching productservice - ProductserviceApplication] INFO  o.e.m.c.i.embedder.EclipseLogger - Using 'UTF-8' encoding to copy filtered resources.
2022-05-27 09:21:02,857 [Worker-99: Launching productservice - ProductserviceApplication] INFO  o.e.m.c.i.embedder.EclipseLogger - Using 'UTF-8' encoding to copy filtered properties files.
2022-05-27 09:21:02,857 [Worker-99: Launching productservice - ProductserviceApplication] INFO  o.e.m.c.i.embedder.EclipseLogger - skip non existing resourceDirectory /media/onesmus/dev/dev/microservice/productservice/src/test/resources
2022-05-27 09:23:32,190 [Worker-100: Building] INFO  o.e.m.c.i.embedder.EclipseLogger - Using 'UTF-8' encoding to copy filtered resources.
2022-05-27 09:23:32,191 [Worker-100: Building] INFO  o.e.m.c.i.embedder.EclipseLogger - Using 'UTF-8' encoding to copy filtered properties files.
2022-05-27 09:23:32,191 [Worker-100: Building] INFO  o.e.m.c.i.embedder.EclipseLogger - Copying 1 resource
2022-05-27 09:23:32,203 [Worker-100: Building] INFO  o.e.m.c.i.embedder.EclipseLogger - Copying 0 resource
2022-05-27 09:23:32,209 [Worker-100: Building] INFO  o.e.m.c.i.embedder.EclipseLogger - Using 'UTF-8' encoding to copy filtered resources.
2022-05-27 09:23:32,209 [Worker-100: Building] INFO  o.e.m.c.i.embedder.EclipseLogger - Using 'UTF-8' encoding to copy filtered properties files.
2022-05-27 09:23:32,209 [Worker-100: Building] INFO  o.e.m.c.i.embedder.EclipseLogger - skip non existing resourceDirectory /media/onesmus/dev/dev/microservice/productservice/src/test/resources
2022-05-27 09:26:42,676 [Worker-102: Launching productservice - ProductserviceApplication] INFO  o.e.m.c.i.embedder.EclipseLogger - Using 'UTF-8' encoding to copy filtered resources.
2022-05-27 09:26:42,676 [Worker-102: Launching productservice - ProductserviceApplication] INFO  o.e.m.c.i.embedder.EclipseLogger - Using 'UTF-8' encoding to copy filtered properties files.
2022-05-27 09:26:42,677 [Worker-102: Launching productservice - ProductserviceApplication] INFO  o.e.m.c.i.embedder.EclipseLogger - Copying 1 resource
2022-05-27 09:26:42,689 [Worker-102: Launching productservice - ProductserviceApplication] INFO  o.e.m.c.i.embedder.EclipseLogger - Copying 0 resource
2022-05-27 09:26:42,697 [Worker-102: Launching productservice - ProductserviceApplication] INFO  o.e.m.c.i.embedder.EclipseLogger - Using 'UTF-8' encoding to copy filtered resources.
2022-05-27 09:26:42,697 [Worker-102: Launching productservice - ProductserviceApplication] INFO  o.e.m.c.i.embedder.EclipseLogger - Using 'UTF-8' encoding to copy filtered properties files.
2022-05-27 09:26:42,697 [Worker-102: Launching productservice - ProductserviceApplication] INFO  o.e.m.c.i.embedder.EclipseLogger - skip non existing resourceDirectory /media/onesmus/dev/dev/microservice/productservice/src/test/resources
2022-05-27 09:28:15,321 [Worker-103: Launching productservice - ProductserviceApplication] INFO  o.e.m.c.i.embedder.EclipseLogger - Using 'UTF-8' encoding to copy filtered resources.
2022-05-27 09:28:15,322 [Worker-103: Launching productservice - ProductserviceApplication] INFO  o.e.m.c.i.embedder.EclipseLogger - Using 'UTF-8' encoding to copy filtered properties files.
2022-05-27 09:28:15,322 [Worker-103: Launching productservice - ProductserviceApplication] INFO  o.e.m.c.i.embedder.EclipseLogger - Copying 1 resource
2022-05-27 09:28:15,343 [Worker-103: Launching productservice - ProductserviceApplication] INFO  o.e.m.c.i.embedder.EclipseLogger - Copying 0 resource
2022-05-27 09:28:15,348 [Worker-103: Launching productservice - ProductserviceApplication] INFO  o.e.m.c.i.embedder.EclipseLogger - Using 'UTF-8' encoding to copy filtered resources.
2022-05-27 09:28:15,348 [Worker-103: Launching productservice - ProductserviceApplication] INFO  o.e.m.c.i.embedder.EclipseLogger - Using 'UTF-8' encoding to copy filtered properties files.
2022-05-27 09:28:15,348 [Worker-103: Launching productservice - ProductserviceApplication] INFO  o.e.m.c.i.embedder.EclipseLogger - skip non existing resourceDirectory /media/onesmus/dev/dev/microservice/productservice/src/test/resources
2022-05-27 09:29:18,475 [Worker-90: Launching productservice - ProductserviceApplication] INFO  o.e.m.c.i.embedder.EclipseLogger - Using 'UTF-8' encoding to copy filtered resources.
2022-05-27 09:29:18,475 [Worker-90: Launching productservice - ProductserviceApplication] INFO  o.e.m.c.i.embedder.EclipseLogger - Using 'UTF-8' encoding to copy filtered properties files.
2022-05-27 09:29:18,476 [Worker-90: Launching productservice - ProductserviceApplication] INFO  o.e.m.c.i.embedder.EclipseLogger - Copying 1 resource
2022-05-27 09:29:18,497 [Worker-90: Launching productservice - ProductserviceApplication] INFO  o.e.m.c.i.embedder.EclipseLogger - Copying 0 resource
2022-05-27 09:29:18,518 [Worker-90: Launching productservice - ProductserviceApplication] INFO  o.e.m.c.i.embedder.EclipseLogger - Using 'UTF-8' encoding to copy filtered resources.
2022-05-27 09:29:18,518 [Worker-90: Launching productservice - ProductserviceApplication] INFO  o.e.m.c.i.embedder.EclipseLogger - Using 'UTF-8' encoding to copy filtered properties files.
2022-05-27 09:29:18,518 [Worker-90: Launching productservice - ProductserviceApplication] INFO  o.e.m.c.i.embedder.EclipseLogger - skip non existing resourceDirectory /media/onesmus/dev/dev/microservice/productservice/src/test/resources
2022-05-27 09:30:07,378 [Worker-90: Launching productservice - ProductserviceApplication] INFO  o.e.m.c.i.embedder.EclipseLogger - Using 'UTF-8' encoding to copy filtered resources.
2022-05-27 09:30:07,379 [Worker-90: Launching productservice - ProductserviceApplication] INFO  o.e.m.c.i.embedder.EclipseLogger - Using 'UTF-8' encoding to copy filtered properties files.
2022-05-27 09:30:07,391 [Worker-90: Launching productservice - ProductserviceApplication] INFO  o.e.m.c.i.embedder.EclipseLogger - Copying 1 resource
2022-05-27 09:30:07,407 [Worker-90: Launching productservice - ProductserviceApplication] INFO  o.e.m.c.i.embedder.EclipseLogger - Copying 0 resource
2022-05-27 09:30:07,411 [Worker-90: Launching productservice - ProductserviceApplication] INFO  o.e.m.c.i.embedder.EclipseLogger - Using 'UTF-8' encoding to copy filtered resources.
2022-05-27 09:30:07,412 [Worker-90: Launching productservice - ProductserviceApplication] INFO  o.e.m.c.i.embedder.EclipseLogger - Using 'UTF-8' encoding to copy filtered properties files.
2022-05-27 09:30:07,412 [Worker-90: Launching productservice - ProductserviceApplication] INFO  o.e.m.c.i.embedder.EclipseLogger - skip non existing resourceDirectory /media/onesmus/dev/dev/microservice/productservice/src/test/resources
2022-05-27 09:33:39,033 [Worker-96: Launching Executing install in _media_onesmus_dev_dev_microservice_productservice] INFO  o.e.m.i.launch.MavenLaunchDelegate - /media/onesmus/dev/dev/microservice/productservice
2022-05-27 09:33:39,035 [Worker-96: Launching Executing install in _media_onesmus_dev_dev_microservice_productservice] INFO  o.e.m.i.launch.MavenLaunchDelegate -  mvn -Ppom.xml -B install -Dstyle.color=always
2022-05-27 09:34:18,330 [Worker-107: Building] INFO  o.e.m.c.i.embedder.EclipseLogger - Using 'UTF-8' encoding to copy filtered resources.
2022-05-27 09:34:18,331 [Worker-107: Building] INFO  o.e.m.c.i.embedder.EclipseLogger - Using 'UTF-8' encoding to copy filtered properties files.
2022-05-27 09:34:18,332 [Worker-107: Building] INFO  o.e.m.c.i.embedder.EclipseLogger - Copying 1 resource
2022-05-27 09:34:18,334 [Worker-107: Building] INFO  o.e.m.c.i.embedder.EclipseLogger - Copying 0 resource
2022-05-27 09:34:18,339 [Worker-107: Building] INFO  o.e.m.c.i.embedder.EclipseLogger - Using 'UTF-8' encoding to copy filtered resources.
2022-05-27 09:34:18,339 [Worker-107: Building] INFO  o.e.m.c.i.embedder.EclipseLogger - Using 'UTF-8' encoding to copy filtered properties files.
2022-05-27 09:34:18,339 [Worker-107: Building] INFO  o.e.m.c.i.embedder.EclipseLogger - skip non existing resourceDirectory /media/onesmus/dev/dev/microservice/productservice/src/test/resources
2022-05-27 09:34:38,785 [Worker-104: Building] INFO  o.e.m.c.i.l.LifecycleMappingFactory - Using org.eclipse.m2e.jdt.JarLifecycleMapping lifecycle mapping for MavenProject: com.example:productservice:0.0.1-SNAPSHOT @ /media/onesmus/dev/dev/microservice/productservice/pom.xml.
2022-05-27 09:34:40,120 [Worker-104: Building] INFO  o.e.m.c.i.embedder.EclipseLogger - Using 'UTF-8' encoding to copy filtered resources.
2022-05-27 09:34:40,120 [Worker-104: Building] INFO  o.e.m.c.i.embedder.EclipseLogger - Using 'UTF-8' encoding to copy filtered properties files.
2022-05-27 09:34:40,121 [Worker-104: Building] INFO  o.e.m.c.i.embedder.EclipseLogger - Copying 0 resource
2022-05-27 09:34:40,121 [Worker-104: Building] INFO  o.e.m.c.i.embedder.EclipseLogger - Copying 0 resource
2022-05-27 09:34:40,126 [Worker-104: Building] INFO  o.e.m.c.i.embedder.EclipseLogger - Using 'UTF-8' encoding to copy filtered resources.
2022-05-27 09:34:40,126 [Worker-104: Building] INFO  o.e.m.c.i.embedder.EclipseLogger - Using 'UTF-8' encoding to copy filtered properties files.
2022-05-27 09:34:40,126 [Worker-104: Building] INFO  o.e.m.c.i.embedder.EclipseLogger - skip non existing resourceDirectory /media/onesmus/dev/dev/microservice/productservice/src/test/resources
2022-05-27 09:34:43,243 [Worker-96: Building] INFO  o.e.m.c.i.embedder.EclipseLogger - Using 'UTF-8' encoding to copy filtered resources.
2022-05-27 09:34:43,243 [Worker-96: Building] INFO  o.e.m.c.i.embedder.EclipseLogger - Using 'UTF-8' encoding to copy filtered properties files.
2022-05-27 09:34:43,244 [Worker-96: Building] INFO  o.e.m.c.i.embedder.EclipseLogger - Copying 1 resource
2022-05-27 09:34:43,247 [Worker-96: Building] INFO  o.e.m.c.i.embedder.EclipseLogger - Copying 0 resource
2022-05-27 09:34:43,264 [Worker-96: Building] INFO  o.e.m.c.i.embedder.EclipseLogger - Using 'UTF-8' encoding to copy filtered resources.
2022-05-27 09:34:43,265 [Worker-96: Building] INFO  o.e.m.c.i.embedder.EclipseLogger - Using 'UTF-8' encoding to copy filtered properties files.
2022-05-27 09:34:43,265 [Worker-96: Building] INFO  o.e.m.c.i.embedder.EclipseLogger - skip non existing resourceDirectory /media/onesmus/dev/dev/microservice/productservice/src/test/resources
2022-05-27 09:34:44,744 [Worker-105: Download sources and javadoc] INFO  o.e.m.c.i.e.AbstractTransferListenerAdapter - Downloading https://repo.maven.apache.org/maven2/org/hibernate/hibernate-entitymanager/5.2.3.Final/hibernate-entitymanager-5.2.3.Final-sources.jar
2022-05-27 09:34:44,910 [Worker-105: Download sources and javadoc] INFO  o.e.m.c.i.e.AbstractTransferListenerAdapter - Downloaded https://repo.maven.apache.org/maven2/org/hibernate/hibernate-entitymanager/5.2.3.Final/hibernate-entitymanager-5.2.3.Final-sources.jar
2022-05-27 09:34:45,456 [Worker-104: Launching productservice - ProductserviceApplication] INFO  o.e.m.c.i.embedder.EclipseLogger - Using 'UTF-8' encoding to copy filtered resources.
2022-05-27 09:34:45,456 [Worker-104: Launching productservice - ProductserviceApplication] INFO  o.e.m.c.i.embedder.EclipseLogger - Using 'UTF-8' encoding to copy filtered properties files.
2022-05-27 09:34:45,457 [Worker-104: Launching productservice - ProductserviceApplication] INFO  o.e.m.c.i.embedder.EclipseLogger - Copying 1 resource
2022-05-27 09:34:45,519 [Worker-104: Launching productservice - ProductserviceApplication] INFO  o.e.m.c.i.embedder.EclipseLogger - Copying 0 resource
2022-05-27 09:34:45,523 [Worker-104: Launching productservice - ProductserviceApplication] INFO  o.e.m.c.i.embedder.EclipseLogger - Using 'UTF-8' encoding to copy filtered resources.
2022-05-27 09:34:45,523 [Worker-104: Launching productservice - ProductserviceApplication] INFO  o.e.m.c.i.embedder.EclipseLogger - Using 'UTF-8' encoding to copy filtered properties files.
2022-05-27 09:34:45,523 [Worker-104: Launching productservice - ProductserviceApplication] INFO  o.e.m.c.i.embedder.EclipseLogger - skip non existing resourceDirectory /media/onesmus/dev/dev/microservice/productservice/src/test/resources
2022-05-27 09:34:45,658 [Worker-105: Download sources and javadoc] INFO  o.e.m.j.internal.DownloadSourcesJob - Downloaded sources for org.hibernate:hibernate-entitymanager:5.2.3.Final
2022-05-27 09:34:46,317 [Worker-105: Download sources and javadoc] INFO  o.e.m.c.i.e.AbstractTransferListenerAdapter - Downloading https://repo.maven.apache.org/maven2/dom4j/dom4j/1.6.1/dom4j-1.6.1-sources.jar
2022-05-27 09:34:47,167 [Worker-105: Download sources and javadoc] INFO  o.e.m.c.i.e.AbstractTransferListenerAdapter - Downloaded https://repo.maven.apache.org/maven2/dom4j/dom4j/1.6.1/dom4j-1.6.1-sources.jar
2022-05-27 09:34:47,741 [Worker-105: Download sources and javadoc] INFO  o.e.m.j.internal.DownloadSourcesJob - Downloaded sources for dom4j:dom4j:1.6.1
2022-05-27 09:34:48,371 [Worker-105: Download sources and javadoc] INFO  o.e.m.c.i.e.AbstractTransferListenerAdapter - Downloading https://repo.maven.apache.org/maven2/org/hibernate/common/hibernate-commons-annotations/5.0.1.Final/hibernate-commons-annotations-5.0.1.Final-sources.jar
2022-05-27 09:34:48,707 [Worker-105: Download sources and javadoc] INFO  o.e.m.c.i.e.AbstractTransferListenerAdapter - Downloaded https://repo.maven.apache.org/maven2/org/hibernate/common/hibernate-commons-annotations/5.0.1.Final/hibernate-commons-annotations-5.0.1.Final-sources.jar
2022-05-27 09:34:48,995 [Worker-105: Download sources and javadoc] INFO  o.e.m.j.internal.DownloadSourcesJob - Downloaded sources for org.hibernate.common:hibernate-commons-annotations:5.0.1.Final
2022-05-27 09:34:49,686 [Worker-105: Download sources and javadoc] INFO  o.e.m.c.i.e.AbstractTransferListenerAdapter - Downloading https://repo.maven.apache.org/maven2/org/hibernate/javax/persistence/hibernate-jpa-2.1-api/1.0.0.Final/hibernate-jpa-2.1-api-1.0.0.Final-sources.jar
2022-05-27 09:34:50,202 [Worker-105: Download sources and javadoc] INFO  o.e.m.c.i.e.AbstractTransferListenerAdapter - Downloaded https://repo.maven.apache.org/maven2/org/hibernate/javax/persistence/hibernate-jpa-2.1-api/1.0.0.Final/hibernate-jpa-2.1-api-1.0.0.Final-sources.jar
2022-05-27 09:34:50,543 [Worker-105: Download sources and javadoc] INFO  o.e.m.j.internal.DownloadSourcesJob - Downloaded sources for org.hibernate.javax.persistence:hibernate-jpa-2.1-api:1.0.0.Final
2022-05-27 09:34:51,171 [Worker-105: Download sources and javadoc] INFO  o.e.m.c.i.e.AbstractTransferListenerAdapter - Downloading https://repo.maven.apache.org/maven2/org/javassist/javassist/3.20.0-GA/javassist-3.20.0-GA-sources.jar
2022-05-27 09:34:51,900 [Worker-105: Download sources and javadoc] INFO  o.e.m.c.i.e.AbstractTransferListenerAdapter - Downloaded https://repo.maven.apache.org/maven2/org/javassist/javassist/3.20.0-GA/javassist-3.20.0-GA-sources.jar
2022-05-27 09:34:52,158 [Worker-105: Download sources and javadoc] INFO  o.e.m.j.internal.DownloadSourcesJob - Downloaded sources for org.javassist:javassist:3.20.0-GA
2022-05-27 09:34:52,774 [Worker-105: Download sources and javadoc] INFO  o.e.m.c.i.e.AbstractTransferListenerAdapter - Downloading https://repo.maven.apache.org/maven2/org/apache/geronimo/specs/geronimo-jta_1.1_spec/1.1.1/geronimo-jta_1.1_spec-1.1.1-sources.jar
2022-05-27 09:34:53,066 [Worker-105: Download sources and javadoc] INFO  o.e.m.c.i.e.AbstractTransferListenerAdapter - Downloaded https://repo.maven.apache.org/maven2/org/apache/geronimo/specs/geronimo-jta_1.1_spec/1.1.1/geronimo-jta_1.1_spec-1.1.1-sources.jar
2022-05-27 09:34:53,329 [Worker-105: Download sources and javadoc] INFO  o.e.m.j.internal.DownloadSourcesJob - Downloaded sources for org.apache.geronimo.specs:geronimo-jta_1.1_spec:1.1.1
2022-05-27 09:34:53,763 [Worker-107: Building] INFO  o.e.m.c.i.embedder.EclipseLogger - Using 'UTF-8' encoding to copy filtered resources.
2022-05-27 09:34:53,769 [Worker-107: Building] INFO  o.e.m.c.i.embedder.EclipseLogger - Using 'UTF-8' encoding to copy filtered properties files.
2022-05-27 09:34:53,770 [Worker-107: Building] INFO  o.e.m.c.i.embedder.EclipseLogger - Copying 0 resource
2022-05-27 09:34:53,770 [Worker-107: Building] INFO  o.e.m.c.i.embedder.EclipseLogger - Copying 0 resource
2022-05-27 09:34:53,775 [Worker-107: Building] INFO  o.e.m.c.i.embedder.EclipseLogger - Using 'UTF-8' encoding to copy filtered resources.
2022-05-27 09:34:53,776 [Worker-107: Building] INFO  o.e.m.c.i.embedder.EclipseLogger - Using 'UTF-8' encoding to copy filtered properties files.
2022-05-27 09:34:53,776 [Worker-107: Building] INFO  o.e.m.c.i.embedder.EclipseLogger - skip non existing resourceDirectory /media/onesmus/dev/dev/microservice/productservice/src/test/resources
2022-05-27 09:37:28,583 [Worker-107: Building] INFO  o.e.m.c.i.l.LifecycleMappingFactory - Using org.eclipse.m2e.jdt.JarLifecycleMapping lifecycle mapping for MavenProject: com.example:productservice:0.0.1-SNAPSHOT @ /media/onesmus/dev/dev/microservice/productservice/pom.xml.
2022-05-27 09:37:29,162 [Worker-107: Building] INFO  o.e.m.c.i.embedder.EclipseLogger - Using 'UTF-8' encoding to copy filtered resources.
2022-05-27 09:37:29,162 [Worker-107: Building] INFO  o.e.m.c.i.embedder.EclipseLogger - Using 'UTF-8' encoding to copy filtered properties files.
2022-05-27 09:37:29,163 [Worker-107: Building] INFO  o.e.m.c.i.embedder.EclipseLogger - Copying 0 resource
2022-05-27 09:37:29,163 [Worker-107: Building] INFO  o.e.m.c.i.embedder.EclipseLogger - Copying 0 resource
2022-05-27 09:37:29,168 [Worker-107: Building] INFO  o.e.m.c.i.embedder.EclipseLogger - Using 'UTF-8' encoding to copy filtered resources.
2022-05-27 09:37:29,168 [Worker-107: Building] INFO  o.e.m.c.i.embedder.EclipseLogger - Using 'UTF-8' encoding to copy filtered properties files.
2022-05-27 09:37:29,168 [Worker-107: Building] INFO  o.e.m.c.i.embedder.EclipseLogger - skip non existing resourceDirectory /media/onesmus/dev/dev/microservice/productservice/src/test/resources
2022-05-27 09:37:32,007 [Worker-108: Building] INFO  o.e.m.c.i.embedder.EclipseLogger - Using 'UTF-8' encoding to copy filtered resources.
2022-05-27 09:37:32,008 [Worker-108: Building] INFO  o.e.m.c.i.embedder.EclipseLogger - Using 'UTF-8' encoding to copy filtered properties files.
2022-05-27 09:37:32,009 [Worker-108: Building] INFO  o.e.m.c.i.embedder.EclipseLogger - Copying 1 resource
2022-05-27 09:37:32,010 [Worker-108: Building] INFO  o.e.m.c.i.embedder.EclipseLogger - Copying 0 resource
2022-05-27 09:37:32,015 [Worker-108: Building] INFO  o.e.m.c.i.embedder.EclipseLogger - Using 'UTF-8' encoding to copy filtered resources.
2022-05-27 09:37:32,015 [Worker-108: Building] INFO  o.e.m.c.i.embedder.EclipseLogger - Using 'UTF-8' encoding to copy filtered properties files.
2022-05-27 09:37:32,015 [Worker-108: Building] INFO  o.e.m.c.i.embedder.EclipseLogger - skip non existing resourceDirectory /media/onesmus/dev/dev/microservice/productservice/src/test/resources
2022-05-27 09:56:42,751 [Worker-110: Building] INFO  o.e.m.c.i.l.LifecycleMappingFactory - Using org.eclipse.m2e.jdt.JarLifecycleMapping lifecycle mapping for MavenProject: com.example:productservice:0.0.1-SNAPSHOT @ /media/onesmus/dev/dev/microservice/productservice/pom.xml.
2022-05-27 09:56:46,035 [Worker-110: Building] INFO  o.e.m.c.i.embedder.EclipseLogger - Using 'UTF-8' encoding to copy filtered resources.
2022-05-27 09:56:46,035 [Worker-110: Building] INFO  o.e.m.c.i.embedder.EclipseLogger - Using 'UTF-8' encoding to copy filtered properties files.
2022-05-27 09:56:46,036 [Worker-110: Building] INFO  o.e.m.c.i.embedder.EclipseLogger - Copying 0 resource
2022-05-27 09:56:46,038 [Worker-110: Building] INFO  o.e.m.c.i.embedder.EclipseLogger - Copying 0 resource
2022-05-27 09:56:46,042 [Worker-110: Building] INFO  o.e.m.c.i.embedder.EclipseLogger - Using 'UTF-8' encoding to copy filtered resources.
2022-05-27 09:56:46,042 [Worker-110: Building] INFO  o.e.m.c.i.embedder.EclipseLogger - Using 'UTF-8' encoding to copy filtered properties files.
2022-05-27 09:56:46,043 [Worker-110: Building] INFO  o.e.m.c.i.embedder.EclipseLogger - skip non existing resourceDirectory /media/onesmus/dev/dev/microservice/productservice/src/test/resources
2022-05-27 09:56:49,212 [Worker-112: Download sources and javadoc] INFO  o.e.m.c.i.e.AbstractTransferListenerAdapter - Downloading https://repo.maven.apache.org/maven2/javax/xml/bind/jaxb-api/2.3.0/jaxb-api-2.3.0-sources.jar
2022-05-27 09:56:49,862 [Worker-112: Download sources and javadoc] INFO  o.e.m.c.i.e.AbstractTransferListenerAdapter - Downloaded https://repo.maven.apache.org/maven2/javax/xml/bind/jaxb-api/2.3.0/jaxb-api-2.3.0-sources.jar
2022-05-27 09:56:53,233 [Worker-110: Building] INFO  o.e.m.c.i.embedder.EclipseLogger - Using 'UTF-8' encoding to copy filtered resources.
2022-05-27 09:56:53,234 [Worker-110: Building] INFO  o.e.m.c.i.embedder.EclipseLogger - Using 'UTF-8' encoding to copy filtered properties files.
2022-05-27 09:56:53,235 [Worker-110: Building] INFO  o.e.m.c.i.embedder.EclipseLogger - Copying 1 resource
2022-05-27 09:56:53,239 [Worker-110: Building] INFO  o.e.m.c.i.embedder.EclipseLogger - Copying 0 resource
2022-05-27 09:56:53,252 [Worker-110: Building] INFO  o.e.m.c.i.embedder.EclipseLogger - Using 'UTF-8' encoding to copy filtered resources.
2022-05-27 09:56:53,253 [Worker-110: Building] INFO  o.e.m.c.i.embedder.EclipseLogger - Using 'UTF-8' encoding to copy filtered properties files.
2022-05-27 09:56:53,253 [Worker-110: Building] INFO  o.e.m.c.i.embedder.EclipseLogger - skip non existing resourceDirectory /media/onesmus/dev/dev/microservice/productservice/src/test/resources
2022-05-27 09:56:57,810 [Worker-112: Download sources and javadoc] INFO  o.e.m.j.internal.DownloadSourcesJob - Downloaded sources for javax.xml.bind:jaxb-api:2.3.0
2022-05-27 09:56:58,091 [Worker-110: Building] INFO  o.e.m.c.i.embedder.EclipseLogger - Using 'UTF-8' encoding to copy filtered resources.
2022-05-27 09:56:58,092 [Worker-110: Building] INFO  o.e.m.c.i.embedder.EclipseLogger - Using 'UTF-8' encoding to copy filtered properties files.
2022-05-27 09:56:58,095 [Worker-110: Building] INFO  o.e.m.c.i.embedder.EclipseLogger - Copying 0 resource
2022-05-27 09:56:58,096 [Worker-110: Building] INFO  o.e.m.c.i.embedder.EclipseLogger - Copying 0 resource
2022-05-27 09:56:58,114 [Worker-110: Building] INFO  o.e.m.c.i.embedder.EclipseLogger - Using 'UTF-8' encoding to copy filtered resources.
2022-05-27 09:56:58,114 [Worker-110: Building] INFO  o.e.m.c.i.embedder.EclipseLogger - Using 'UTF-8' encoding to copy filtered properties files.
2022-05-27 09:56:58,114 [Worker-110: Building] INFO  o.e.m.c.i.embedder.EclipseLogger - skip non existing resourceDirectory /media/onesmus/dev/dev/microservice/productservice/src/test/resources
2022-05-27 09:57:10,804 [Worker-107: Building] INFO  o.e.m.c.i.l.LifecycleMappingFactory - Using org.eclipse.m2e.jdt.JarLifecycleMapping lifecycle mapping for MavenProject: com.example:productservice:0.0.1-SNAPSHOT @ /media/onesmus/dev/dev/microservice/productservice/pom.xml.
2022-05-27 09:57:11,723 [Worker-107: Building] INFO  o.e.m.c.i.embedder.EclipseLogger - Using 'UTF-8' encoding to copy filtered resources.
2022-05-27 09:57:11,723 [Worker-107: Building] INFO  o.e.m.c.i.embedder.EclipseLogger - Using 'UTF-8' encoding to copy filtered properties files.
2022-05-27 09:57:11,723 [Worker-107: Building] INFO  o.e.m.c.i.embedder.EclipseLogger - Copying 0 resource
2022-05-27 09:57:11,724 [Worker-107: Building] INFO  o.e.m.c.i.embedder.EclipseLogger - Copying 0 resource
2022-05-27 09:57:11,728 [Worker-107: Building] INFO  o.e.m.c.i.embedder.EclipseLogger - Using 'UTF-8' encoding to copy filtered resources.
2022-05-27 09:57:11,729 [Worker-107: Building] INFO  o.e.m.c.i.embedder.EclipseLogger - Using 'UTF-8' encoding to copy filtered properties files.
2022-05-27 09:57:11,729 [Worker-107: Building] INFO  o.e.m.c.i.embedder.EclipseLogger - skip non existing resourceDirectory /media/onesmus/dev/dev/microservice/productservice/src/test/resources
2022-05-27 09:57:14,500 [Worker-108: Building] INFO  o.e.m.c.i.embedder.EclipseLogger - Using 'UTF-8' encoding to copy filtered resources.
2022-05-27 09:57:14,500 [Worker-108: Building] INFO  o.e.m.c.i.embedder.EclipseLogger - Using 'UTF-8' encoding to copy filtered properties files.
2022-05-27 09:57:14,501 [Worker-108: Building] INFO  o.e.m.c.i.embedder.EclipseLogger - Copying 1 resource
2022-05-27 09:57:14,503 [Worker-108: Building] INFO  o.e.m.c.i.embedder.EclipseLogger - Copying 0 resource
2022-05-27 09:57:14,513 [Worker-108: Building] INFO  o.e.m.c.i.embedder.EclipseLogger - Using 'UTF-8' encoding to copy filtered resources.
2022-05-27 09:57:14,513 [Worker-108: Building] INFO  o.e.m.c.i.embedder.EclipseLogger - Using 'UTF-8' encoding to copy filtered properties files.
2022-05-27 09:57:14,513 [Worker-108: Building] INFO  o.e.m.c.i.embedder.EclipseLogger - skip non existing resourceDirectory /media/onesmus/dev/dev/microservice/productservice/src/test/resources
2022-05-27 09:57:14,589 [Worker-112: Download sources and javadoc] INFO  o.e.m.c.i.e.AbstractTransferListenerAdapter - Downloading https://repo.maven.apache.org/maven2/javax/xml/bind/jaxb-api/2.3.1/jaxb-api-2.3.1-sources.jar
2022-05-27 09:57:15,228 [Worker-112: Download sources and javadoc] INFO  o.e.m.c.i.e.AbstractTransferListenerAdapter - Downloaded https://repo.maven.apache.org/maven2/javax/xml/bind/jaxb-api/2.3.1/jaxb-api-2.3.1-sources.jar
2022-05-27 09:57:15,427 [Worker-112: Download sources and javadoc] INFO  o.e.m.j.internal.DownloadSourcesJob - Downloaded sources for javax.xml.bind:jaxb-api:2.3.1
2022-05-27 09:57:16,069 [Worker-112: Download sources and javadoc] INFO  o.e.m.c.i.e.AbstractTransferListenerAdapter - Downloading https://repo.maven.apache.org/maven2/javax/activation/javax.activation-api/1.2.0/javax.activation-api-1.2.0-sources.jar
2022-05-27 09:57:16,469 [Worker-112: Download sources and javadoc] INFO  o.e.m.c.i.e.AbstractTransferListenerAdapter - Downloaded https://repo.maven.apache.org/maven2/javax/activation/javax.activation-api/1.2.0/javax.activation-api-1.2.0-sources.jar
2022-05-27 09:57:16,875 [Worker-112: Download sources and javadoc] INFO  o.e.m.j.internal.DownloadSourcesJob - Downloaded sources for javax.activation:javax.activation-api:1.2.0
2022-05-27 09:57:18,015 [Worker-113: Building] INFO  o.e.m.c.i.embedder.EclipseLogger - Using 'UTF-8' encoding to copy filtered resources.
2022-05-27 09:57:18,016 [Worker-113: Building] INFO  o.e.m.c.i.embedder.EclipseLogger - Using 'UTF-8' encoding to copy filtered properties files.
2022-05-27 09:57:18,018 [Worker-113: Building] INFO  o.e.m.c.i.embedder.EclipseLogger - Copying 0 resource
2022-05-27 09:57:18,019 [Worker-113: Building] INFO  o.e.m.c.i.embedder.EclipseLogger - Copying 0 resource
2022-05-27 09:57:18,023 [Worker-113: Building] INFO  o.e.m.c.i.embedder.EclipseLogger - Using 'UTF-8' encoding to copy filtered resources.
2022-05-27 09:57:18,041 [Worker-113: Building] INFO  o.e.m.c.i.embedder.EclipseLogger - Using 'UTF-8' encoding to copy filtered properties files.
2022-05-27 09:57:18,044 [Worker-113: Building] INFO  o.e.m.c.i.embedder.EclipseLogger - skip non existing resourceDirectory /media/onesmus/dev/dev/microservice/productservice/src/test/resources
2022-05-27 10:02:03,662 [Worker-108: Launching productservice - ProductserviceApplication] INFO  o.e.m.c.i.embedder.EclipseLogger - Using 'UTF-8' encoding to copy filtered resources.
2022-05-27 10:02:03,662 [Worker-108: Launching productservice - ProductserviceApplication] INFO  o.e.m.c.i.embedder.EclipseLogger - Using 'UTF-8' encoding to copy filtered properties files.
2022-05-27 10:02:03,663 [Worker-108: Launching productservice - ProductserviceApplication] INFO  o.e.m.c.i.embedder.EclipseLogger - Copying 1 resource
2022-05-27 10:02:03,740 [Worker-108: Launching productservice - ProductserviceApplication] INFO  o.e.m.c.i.embedder.EclipseLogger - Copying 0 resource
2022-05-27 10:02:03,746 [Worker-108: Launching productservice - ProductserviceApplication] INFO  o.e.m.c.i.embedder.EclipseLogger - Using 'UTF-8' encoding to copy filtered resources.
2022-05-27 10:02:03,747 [Worker-108: Launching productservice - ProductserviceApplication] INFO  o.e.m.c.i.embedder.EclipseLogger - Using 'UTF-8' encoding to copy filtered properties files.
2022-05-27 10:02:03,747 [Worker-108: Launching productservice - ProductserviceApplication] INFO  o.e.m.c.i.embedder.EclipseLogger - skip non existing resourceDirectory /media/onesmus/dev/dev/microservice/productservice/src/test/resources
2022-05-27 10:06:59,146 [Worker-116: Launching productservice - ProductserviceApplication] INFO  o.e.m.c.i.embedder.EclipseLogger - Using 'UTF-8' encoding to copy filtered resources.
2022-05-27 10:06:59,146 [Worker-116: Launching productservice - ProductserviceApplication] INFO  o.e.m.c.i.embedder.EclipseLogger - Using 'UTF-8' encoding to copy filtered properties files.
2022-05-27 10:06:59,147 [Worker-116: Launching productservice - ProductserviceApplication] INFO  o.e.m.c.i.embedder.EclipseLogger - Copying 1 resource
2022-05-27 10:06:59,149 [Worker-116: Launching productservice - ProductserviceApplication] INFO  o.e.m.c.i.embedder.EclipseLogger - Copying 0 resource
2022-05-27 10:06:59,159 [Worker-116: Launching productservice - ProductserviceApplication] INFO  o.e.m.c.i.embedder.EclipseLogger - Using 'UTF-8' encoding to copy filtered resources.
2022-05-27 10:06:59,172 [Worker-116: Launching productservice - ProductserviceApplication] INFO  o.e.m.c.i.embedder.EclipseLogger - Using 'UTF-8' encoding to copy filtered properties files.
2022-05-27 10:06:59,173 [Worker-116: Launching productservice - ProductserviceApplication] INFO  o.e.m.c.i.embedder.EclipseLogger - skip non existing resourceDirectory /media/onesmus/dev/dev/microservice/productservice/src/test/resources
2022-05-27 10:08:45,767 [Worker-113: Launching productservice - ProductserviceApplication] INFO  o.e.m.c.i.embedder.EclipseLogger - Using 'UTF-8' encoding to copy filtered resources.
2022-05-27 10:08:45,779 [Worker-113: Launching productservice - ProductserviceApplication] INFO  o.e.m.c.i.embedder.EclipseLogger - Using 'UTF-8' encoding to copy filtered properties files.
2022-05-27 10:08:45,783 [Worker-113: Launching productservice - ProductserviceApplication] INFO  o.e.m.c.i.embedder.EclipseLogger - Copying 1 resource
2022-05-27 10:08:45,918 [Worker-113: Launching productservice - ProductserviceApplication] INFO  o.e.m.c.i.embedder.EclipseLogger - Copying 0 resource
2022-05-27 10:08:45,921 [Worker-113: Launching productservice - ProductserviceApplication] INFO  o.e.m.c.i.embedder.EclipseLogger - Using 'UTF-8' encoding to copy filtered resources.
2022-05-27 10:08:45,921 [Worker-113: Launching productservice - ProductserviceApplication] INFO  o.e.m.c.i.embedder.EclipseLogger - Using 'UTF-8' encoding to copy filtered properties files.
2022-05-27 10:08:45,922 [Worker-113: Launching productservice - ProductserviceApplication] INFO  o.e.m.c.i.embedder.EclipseLogger - skip non existing resourceDirectory /media/onesmus/dev/dev/microservice/productservice/src/test/resources
2022-05-27 10:09:37,504 [Worker-115: Launching productservice - ProductserviceApplication] INFO  o.e.m.c.i.embedder.EclipseLogger - Using 'UTF-8' encoding to copy filtered resources.
2022-05-27 10:09:37,505 [Worker-115: Launching productservice - ProductserviceApplication] INFO  o.e.m.c.i.embedder.EclipseLogger - Using 'UTF-8' encoding to copy filtered properties files.
2022-05-27 10:09:37,506 [Worker-115: Launching productservice - ProductserviceApplication] INFO  o.e.m.c.i.embedder.EclipseLogger - Copying 1 resource
2022-05-27 10:09:37,509 [Worker-115: Launching productservice - ProductserviceApplication] INFO  o.e.m.c.i.embedder.EclipseLogger - Copying 0 resource
2022-05-27 10:09:37,514 [Worker-115: Launching productservice - ProductserviceApplication] INFO  o.e.m.c.i.embedder.EclipseLogger - Using 'UTF-8' encoding to copy filtered resources.
2022-05-27 10:09:37,514 [Worker-115: Launching productservice - ProductserviceApplication] INFO  o.e.m.c.i.embedder.EclipseLogger - Using 'UTF-8' encoding to copy filtered properties files.
2022-05-27 10:09:37,514 [Worker-115: Launching productservice - ProductserviceApplication] INFO  o.e.m.c.i.embedder.EclipseLogger - skip non existing resourceDirectory /media/onesmus/dev/dev/microservice/productservice/src/test/resources
2022-05-27 10:42:35,580 [Worker-121: Building] INFO  o.e.m.c.i.embedder.EclipseLogger - Using 'UTF-8' encoding to copy filtered resources.
2022-05-27 10:42:35,580 [Worker-121: Building] INFO  o.e.m.c.i.embedder.EclipseLogger - Using 'UTF-8' encoding to copy filtered properties files.
2022-05-27 10:42:35,581 [Worker-121: Building] INFO  o.e.m.c.i.embedder.EclipseLogger - Copying 1 resource
2022-05-27 10:42:35,592 [Worker-121: Building] INFO  o.e.m.c.i.embedder.EclipseLogger - Copying 0 resource
2022-05-27 10:42:35,598 [Worker-121: Building] INFO  o.e.m.c.i.embedder.EclipseLogger - Using 'UTF-8' encoding to copy filtered resources.
2022-05-27 10:42:35,598 [Worker-121: Building] INFO  o.e.m.c.i.embedder.EclipseLogger - Using 'UTF-8' encoding to copy filtered properties files.
2022-05-27 10:42:35,599 [Worker-121: Building] INFO  o.e.m.c.i.embedder.EclipseLogger - skip non existing resourceDirectory /media/onesmus/dev/dev/microservice/productservice/src/test/resources
2022-05-27 10:51:27,991 [Worker-115: Launching productservice - ProductserviceApplication] INFO  o.e.m.c.i.embedder.EclipseLogger - Using 'UTF-8' encoding to copy filtered resources.
2022-05-27 10:51:27,991 [Worker-115: Launching productservice - ProductserviceApplication] INFO  o.e.m.c.i.embedder.EclipseLogger - Using 'UTF-8' encoding to copy filtered properties files.
2022-05-27 10:51:27,992 [Worker-115: Launching productservice - ProductserviceApplication] INFO  o.e.m.c.i.embedder.EclipseLogger - Copying 1 resource
2022-05-27 10:51:28,019 [Worker-115: Launching productservice - ProductserviceApplication] INFO  o.e.m.c.i.embedder.EclipseLogger - Copying 0 resource
2022-05-27 10:51:28,023 [Worker-115: Launching productservice - ProductserviceApplication] INFO  o.e.m.c.i.embedder.EclipseLogger - Using 'UTF-8' encoding to copy filtered resources.
2022-05-27 10:51:28,023 [Worker-115: Launching productservice - ProductserviceApplication] INFO  o.e.m.c.i.embedder.EclipseLogger - Using 'UTF-8' encoding to copy filtered properties files.
2022-05-27 10:51:28,024 [Worker-115: Launching productservice - ProductserviceApplication] INFO  o.e.m.c.i.embedder.EclipseLogger - skip non existing resourceDirectory /media/onesmus/dev/dev/microservice/productservice/src/test/resources
2022-05-27 11:01:42,324 [Worker-133: Launching productservice - ProductserviceApplication] INFO  o.e.m.c.i.embedder.EclipseLogger - Using 'UTF-8' encoding to copy filtered resources.
2022-05-27 11:01:42,325 [Worker-133: Launching productservice - ProductserviceApplication] INFO  o.e.m.c.i.embedder.EclipseLogger - Using 'UTF-8' encoding to copy filtered properties files.
2022-05-27 11:01:42,326 [Worker-133: Launching productservice - ProductserviceApplication] INFO  o.e.m.c.i.embedder.EclipseLogger - Copying 1 resource
2022-05-27 11:01:42,337 [Worker-133: Launching productservice - ProductserviceApplication] INFO  o.e.m.c.i.embedder.EclipseLogger - Copying 0 resource
2022-05-27 11:01:42,343 [Worker-133: Launching productservice - ProductserviceApplication] INFO  o.e.m.c.i.embedder.EclipseLogger - Using 'UTF-8' encoding to copy filtered resources.
2022-05-27 11:01:42,343 [Worker-133: Launching productservice - ProductserviceApplication] INFO  o.e.m.c.i.embedder.EclipseLogger - Using 'UTF-8' encoding to copy filtered properties files.
2022-05-27 11:01:42,343 [Worker-133: Launching productservice - ProductserviceApplication] INFO  o.e.m.c.i.embedder.EclipseLogger - skip non existing resourceDirectory /media/onesmus/dev/dev/microservice/productservice/src/test/resources
2022-05-27 12:49:44,307 [Worker-137: Launching Executing install in _media_onesmus_dev_dev_microservice_couponservice] INFO  o.e.m.i.launch.MavenLaunchDelegate - /media/onesmus/dev/dev/microservice/couponservice
2022-05-27 12:49:44,308 [Worker-137: Launching Executing install in _media_onesmus_dev_dev_microservice_couponservice] INFO  o.e.m.i.launch.MavenLaunchDelegate -  mvn -B install -Dstyle.color=always
2022-05-27 12:50:02,098 [Worker-124: Launching Executing install in _media_onesmus_dev_dev_microservice_productservice] INFO  o.e.m.i.launch.MavenLaunchDelegate - /media/onesmus/dev/dev/microservice/productservice
2022-05-27 12:50:02,098 [Worker-124: Launching Executing install in _media_onesmus_dev_dev_microservice_productservice] INFO  o.e.m.i.launch.MavenLaunchDelegate -  mvn -Ppom.xml -B install -Dstyle.color=always
2022-05-27 12:51:11,552 [Worker-136: Building] INFO  o.e.m.c.i.embedder.EclipseLogger - Using 'UTF-8' encoding to copy filtered resources.
2022-05-27 12:51:11,633 [Worker-136: Building] INFO  o.e.m.c.i.embedder.EclipseLogger - Using 'UTF-8' encoding to copy filtered properties files.
2022-05-27 12:51:11,634 [Worker-136: Building] INFO  o.e.m.c.i.embedder.EclipseLogger - Copying 1 resource
2022-05-27 12:51:11,658 [Worker-136: Building] INFO  o.e.m.c.i.embedder.EclipseLogger - Copying 0 resource
2022-05-27 12:51:11,665 [Worker-136: Building] INFO  o.e.m.c.i.embedder.EclipseLogger - Using 'UTF-8' encoding to copy filtered resources.
2022-05-27 12:51:11,665 [Worker-136: Building] INFO  o.e.m.c.i.embedder.EclipseLogger - Using 'UTF-8' encoding to copy filtered properties files.
2022-05-27 12:51:11,665 [Worker-136: Building] INFO  o.e.m.c.i.embedder.EclipseLogger - skip non existing resourceDirectory /media/onesmus/dev/dev/microservice/productservice/src/test/resources
2022-05-27 18:55:52,887 [Worker-139: Building] INFO  o.e.m.c.i.embedder.EclipseLogger - Using 'UTF-8' encoding to copy filtered resources.
2022-05-27 18:55:52,953 [Worker-139: Building] INFO  o.e.m.c.i.embedder.EclipseLogger - Using 'UTF-8' encoding to copy filtered properties files.
2022-05-27 18:55:52,955 [Worker-139: Building] INFO  o.e.m.c.i.embedder.EclipseLogger - Copying 1 resource
2022-05-27 18:55:52,968 [Worker-139: Building] INFO  o.e.m.c.i.embedder.EclipseLogger - Copying 0 resource
2022-05-27 18:55:52,973 [Worker-139: Building] INFO  o.e.m.c.i.embedder.EclipseLogger - Using 'UTF-8' encoding to copy filtered resources.
2022-05-27 18:55:52,973 [Worker-139: Building] INFO  o.e.m.c.i.embedder.EclipseLogger - Using 'UTF-8' encoding to copy filtered properties files.
2022-05-27 18:55:52,974 [Worker-139: Building] INFO  o.e.m.c.i.embedder.EclipseLogger - skip non existing resourceDirectory /media/onesmus/dev/dev/microservice/couponservice/src/test/resources
